ARM GAS  C:\Users\geehy\AppData\Local\Temp\ccHLDro0.s 			page 1


   1              		.cpu cortex-m3
   2              		.arch armv7-m
   3              		.fpu softvfp
   4              		.eabi_attribute 20, 1
   5              		.eabi_attribute 21, 1
   6              		.eabi_attribute 23, 3
   7              		.eabi_attribute 24, 1
   8              		.eabi_attribute 25, 1
   9              		.eabi_attribute 26, 1
  10              		.eabi_attribute 30, 1
  11              		.eabi_attribute 34, 1
  12              		.eabi_attribute 18, 4
  13              		.file	"apm32f10x_dac.c"
  14              		.text
  15              	.Ltext0:
  16              		.cfi_sections	.debug_frame
  17              		.section	.text.DAC_Reset,"ax",%progbits
  18              		.align	1
  19              		.global	DAC_Reset
  20              		.syntax unified
  21              		.thumb
  22              		.thumb_func
  24              	DAC_Reset:
  25              	.LFB65:
  26              		.file 1 "Library/APM32F10x_StdPeriphDriver/src/apm32f10x_dac.c"
   1:Library/APM32F10x_StdPeriphDriver/src/apm32f10x_dac.c **** /*!
   2:Library/APM32F10x_StdPeriphDriver/src/apm32f10x_dac.c ****  * @file        apm32f10x_dac.c
   3:Library/APM32F10x_StdPeriphDriver/src/apm32f10x_dac.c ****  *
   4:Library/APM32F10x_StdPeriphDriver/src/apm32f10x_dac.c ****  * @brief       This file provides all the DAC firmware functions
   5:Library/APM32F10x_StdPeriphDriver/src/apm32f10x_dac.c ****  *
   6:Library/APM32F10x_StdPeriphDriver/src/apm32f10x_dac.c ****  * @version     V1.0.2
   7:Library/APM32F10x_StdPeriphDriver/src/apm32f10x_dac.c ****  *
   8:Library/APM32F10x_StdPeriphDriver/src/apm32f10x_dac.c ****  * @date        2022-01-05
   9:Library/APM32F10x_StdPeriphDriver/src/apm32f10x_dac.c ****  *
  10:Library/APM32F10x_StdPeriphDriver/src/apm32f10x_dac.c ****  * @attention
  11:Library/APM32F10x_StdPeriphDriver/src/apm32f10x_dac.c ****  *
  12:Library/APM32F10x_StdPeriphDriver/src/apm32f10x_dac.c ****  *  Copyright (C) 2020-2022 Geehy Semiconductor
  13:Library/APM32F10x_StdPeriphDriver/src/apm32f10x_dac.c ****  *
  14:Library/APM32F10x_StdPeriphDriver/src/apm32f10x_dac.c ****  *  You may not use this file except in compliance with the
  15:Library/APM32F10x_StdPeriphDriver/src/apm32f10x_dac.c ****  *  GEEHY COPYRIGHT NOTICE (GEEHY SOFTWARE PACKAGE LICENSE).
  16:Library/APM32F10x_StdPeriphDriver/src/apm32f10x_dac.c ****  *
  17:Library/APM32F10x_StdPeriphDriver/src/apm32f10x_dac.c ****  *  The program is only for reference, which is distributed in the hope
  18:Library/APM32F10x_StdPeriphDriver/src/apm32f10x_dac.c ****  *  that it will be usefull and instructional for customers to develop
  19:Library/APM32F10x_StdPeriphDriver/src/apm32f10x_dac.c ****  *  their software. Unless required by applicable law or agreed to in
  20:Library/APM32F10x_StdPeriphDriver/src/apm32f10x_dac.c ****  *  writing, the program is distributed on an "AS IS" BASIS, WITHOUT
  21:Library/APM32F10x_StdPeriphDriver/src/apm32f10x_dac.c ****  *  ANY WARRANTY OR CONDITIONS OF ANY KIND, either express or implied.
  22:Library/APM32F10x_StdPeriphDriver/src/apm32f10x_dac.c ****  *  See the GEEHY SOFTWARE PACKAGE LICENSE for the governing permissions
  23:Library/APM32F10x_StdPeriphDriver/src/apm32f10x_dac.c ****  *  and limitations under the License.
  24:Library/APM32F10x_StdPeriphDriver/src/apm32f10x_dac.c ****  */
  25:Library/APM32F10x_StdPeriphDriver/src/apm32f10x_dac.c **** 
  26:Library/APM32F10x_StdPeriphDriver/src/apm32f10x_dac.c **** #include "apm32f10x_dac.h"
  27:Library/APM32F10x_StdPeriphDriver/src/apm32f10x_dac.c **** #include "apm32f10x_rcm.h"
  28:Library/APM32F10x_StdPeriphDriver/src/apm32f10x_dac.c **** 
  29:Library/APM32F10x_StdPeriphDriver/src/apm32f10x_dac.c **** /** @addtogroup Peripherals_Library Standard Peripheral Library
  30:Library/APM32F10x_StdPeriphDriver/src/apm32f10x_dac.c ****   @{
  31:Library/APM32F10x_StdPeriphDriver/src/apm32f10x_dac.c **** */
  32:Library/APM32F10x_StdPeriphDriver/src/apm32f10x_dac.c **** 
ARM GAS  C:\Users\geehy\AppData\Local\Temp\ccHLDro0.s 			page 2


  33:Library/APM32F10x_StdPeriphDriver/src/apm32f10x_dac.c **** /** @addtogroup DAC_Driver DAC Driver
  34:Library/APM32F10x_StdPeriphDriver/src/apm32f10x_dac.c ****   @{
  35:Library/APM32F10x_StdPeriphDriver/src/apm32f10x_dac.c **** */
  36:Library/APM32F10x_StdPeriphDriver/src/apm32f10x_dac.c **** 
  37:Library/APM32F10x_StdPeriphDriver/src/apm32f10x_dac.c **** /** @addtogroup DAC_Fuctions Fuctions
  38:Library/APM32F10x_StdPeriphDriver/src/apm32f10x_dac.c ****   @{
  39:Library/APM32F10x_StdPeriphDriver/src/apm32f10x_dac.c **** */
  40:Library/APM32F10x_StdPeriphDriver/src/apm32f10x_dac.c **** 
  41:Library/APM32F10x_StdPeriphDriver/src/apm32f10x_dac.c **** /*!
  42:Library/APM32F10x_StdPeriphDriver/src/apm32f10x_dac.c ****  * @brief        Reset dac peripheral registers to their default reset values.
  43:Library/APM32F10x_StdPeriphDriver/src/apm32f10x_dac.c ****  *
  44:Library/APM32F10x_StdPeriphDriver/src/apm32f10x_dac.c ****  * @param        None
  45:Library/APM32F10x_StdPeriphDriver/src/apm32f10x_dac.c ****  *
  46:Library/APM32F10x_StdPeriphDriver/src/apm32f10x_dac.c ****  * @retval       None
  47:Library/APM32F10x_StdPeriphDriver/src/apm32f10x_dac.c ****  */
  48:Library/APM32F10x_StdPeriphDriver/src/apm32f10x_dac.c **** void DAC_Reset(void)
  49:Library/APM32F10x_StdPeriphDriver/src/apm32f10x_dac.c **** {
  27              		.loc 1 49 1 view -0
  28              		.cfi_startproc
  29              		@ args = 0, pretend = 0, frame = 0
  30              		@ frame_needed = 0, uses_anonymous_args = 0
  31 0000 08B5     		push	{r3, lr}
  32              	.LCFI0:
  33              		.cfi_def_cfa_offset 8
  34              		.cfi_offset 3, -8
  35              		.cfi_offset 14, -4
  50:Library/APM32F10x_StdPeriphDriver/src/apm32f10x_dac.c ****     RCM_EnableAPB1PeriphReset(RCM_APB1_PERIPH_DAC);
  36              		.loc 1 50 5 view .LVU1
  37 0002 4FF00050 		mov	r0, #536870912
  38 0006 FFF7FEFF 		bl	RCM_EnableAPB1PeriphReset
  39              	.LVL0:
  51:Library/APM32F10x_StdPeriphDriver/src/apm32f10x_dac.c ****     RCM_DisableAPB1PeriphReset(RCM_APB1_PERIPH_DAC);
  40              		.loc 1 51 5 view .LVU2
  41 000a 4FF00050 		mov	r0, #536870912
  42 000e FFF7FEFF 		bl	RCM_DisableAPB1PeriphReset
  43              	.LVL1:
  52:Library/APM32F10x_StdPeriphDriver/src/apm32f10x_dac.c **** }
  44              		.loc 1 52 1 is_stmt 0 view .LVU3
  45 0012 08BD     		pop	{r3, pc}
  46              		.cfi_endproc
  47              	.LFE65:
  49              		.section	.text.DAC_Config,"ax",%progbits
  50              		.align	1
  51              		.global	DAC_Config
  52              		.syntax unified
  53              		.thumb
  54              		.thumb_func
  56              	DAC_Config:
  57              	.LVL2:
  58              	.LFB66:
  53:Library/APM32F10x_StdPeriphDriver/src/apm32f10x_dac.c **** 
  54:Library/APM32F10x_StdPeriphDriver/src/apm32f10x_dac.c **** /*!
  55:Library/APM32F10x_StdPeriphDriver/src/apm32f10x_dac.c ****  * @brief        Config the DAC peripheral according to the specified parameters in the dacConfig
  56:Library/APM32F10x_StdPeriphDriver/src/apm32f10x_dac.c ****  *
  57:Library/APM32F10x_StdPeriphDriver/src/apm32f10x_dac.c ****  * @param        channel: Select the DAC channel.
  58:Library/APM32F10x_StdPeriphDriver/src/apm32f10x_dac.c ****  *                        This parameter can be one of the following values:
  59:Library/APM32F10x_StdPeriphDriver/src/apm32f10x_dac.c ****  *                        @arg DAC_CHANNEL_1 : DAC channel 1
ARM GAS  C:\Users\geehy\AppData\Local\Temp\ccHLDro0.s 			page 3


  60:Library/APM32F10x_StdPeriphDriver/src/apm32f10x_dac.c ****  *                        @arg DAC_CHANNEL_2 : DAC channel 2
  61:Library/APM32F10x_StdPeriphDriver/src/apm32f10x_dac.c ****  *
  62:Library/APM32F10x_StdPeriphDriver/src/apm32f10x_dac.c ****  * @param        dacConfig: pointer to a DAC_Config_T structure
  63:Library/APM32F10x_StdPeriphDriver/src/apm32f10x_dac.c ****  *
  64:Library/APM32F10x_StdPeriphDriver/src/apm32f10x_dac.c ****  * @retval       None
  65:Library/APM32F10x_StdPeriphDriver/src/apm32f10x_dac.c ****  */
  66:Library/APM32F10x_StdPeriphDriver/src/apm32f10x_dac.c **** void DAC_Config(uint32_t channel, DAC_Config_T* dacConfig)
  67:Library/APM32F10x_StdPeriphDriver/src/apm32f10x_dac.c **** {
  59              		.loc 1 67 1 is_stmt 1 view -0
  60              		.cfi_startproc
  61              		@ args = 0, pretend = 0, frame = 0
  62              		@ frame_needed = 0, uses_anonymous_args = 0
  63              		@ link register save eliminated.
  64              		.loc 1 67 1 is_stmt 0 view .LVU5
  65 0000 10B4     		push	{r4}
  66              	.LCFI1:
  67              		.cfi_def_cfa_offset 4
  68              		.cfi_offset 4, -4
  68:Library/APM32F10x_StdPeriphDriver/src/apm32f10x_dac.c ****     uint32_t tmp1 = 0, tmp2 = 0;
  69              		.loc 1 68 5 is_stmt 1 view .LVU6
  70              	.LVL3:
  69:Library/APM32F10x_StdPeriphDriver/src/apm32f10x_dac.c **** 
  70:Library/APM32F10x_StdPeriphDriver/src/apm32f10x_dac.c ****     tmp1 = DAC->CTRL;
  71              		.loc 1 70 5 view .LVU7
  72              		.loc 1 70 10 is_stmt 0 view .LVU8
  73 0002 0C4C     		ldr	r4, .L5
  74 0004 2268     		ldr	r2, [r4]
  75              	.LVL4:
  71:Library/APM32F10x_StdPeriphDriver/src/apm32f10x_dac.c **** 
  72:Library/APM32F10x_StdPeriphDriver/src/apm32f10x_dac.c ****     tmp1 &= ~(((uint32_t)0x00000FFE) << channel);
  76              		.loc 1 72 5 is_stmt 1 view .LVU9
  77              		.loc 1 72 38 is_stmt 0 view .LVU10
  78 0006 40F6FE73 		movw	r3, #4094
  79 000a 8340     		lsls	r3, r3, r0
  80              		.loc 1 72 10 view .LVU11
  81 000c 22EA0302 		bic	r2, r2, r3
  82              	.LVL5:
  73:Library/APM32F10x_StdPeriphDriver/src/apm32f10x_dac.c **** 
  74:Library/APM32F10x_StdPeriphDriver/src/apm32f10x_dac.c ****     tmp2 = ((uint32_t)dacConfig->trigger | \
  83              		.loc 1 74 5 is_stmt 1 view .LVU12
  84              		.loc 1 74 32 is_stmt 0 view .LVU13
  85 0010 0B78     		ldrb	r3, [r1]	@ zero_extendqisi2
  75:Library/APM32F10x_StdPeriphDriver/src/apm32f10x_dac.c ****             (uint32_t)dacConfig->waveGeneration | \
  86              		.loc 1 75 32 view .LVU14
  87 0012 91F802C0 		ldrb	ip, [r1, #2]	@ zero_extendqisi2
  74:Library/APM32F10x_StdPeriphDriver/src/apm32f10x_dac.c ****             (uint32_t)dacConfig->waveGeneration | \
  88              		.loc 1 74 42 view .LVU15
  89 0016 43EA0C03 		orr	r3, r3, ip
  76:Library/APM32F10x_StdPeriphDriver/src/apm32f10x_dac.c ****             (uint32_t)dacConfig->maskAmplitudeSelect | \
  90              		.loc 1 76 32 view .LVU16
  91 001a B1F804C0 		ldrh	ip, [r1, #4]
  75:Library/APM32F10x_StdPeriphDriver/src/apm32f10x_dac.c ****             (uint32_t)dacConfig->waveGeneration | \
  92              		.loc 1 75 49 view .LVU17
  93 001e 43EA0C03 		orr	r3, r3, ip
  77:Library/APM32F10x_StdPeriphDriver/src/apm32f10x_dac.c ****             (uint32_t)dacConfig->outputBuffer);
  94              		.loc 1 77 32 view .LVU18
  95 0022 4978     		ldrb	r1, [r1, #1]	@ zero_extendqisi2
ARM GAS  C:\Users\geehy\AppData\Local\Temp\ccHLDro0.s 			page 4


  96              	.LVL6:
  74:Library/APM32F10x_StdPeriphDriver/src/apm32f10x_dac.c ****             (uint32_t)dacConfig->waveGeneration | \
  97              		.loc 1 74 10 view .LVU19
  98 0024 0B43     		orrs	r3, r3, r1
  99              	.LVL7:
  78:Library/APM32F10x_StdPeriphDriver/src/apm32f10x_dac.c **** 
  79:Library/APM32F10x_StdPeriphDriver/src/apm32f10x_dac.c ****     tmp1 |= tmp2 << channel;
 100              		.loc 1 79 5 is_stmt 1 view .LVU20
 101              		.loc 1 79 18 is_stmt 0 view .LVU21
 102 0026 03FA00F0 		lsl	r0, r3, r0
 103              	.LVL8:
 104              		.loc 1 79 10 view .LVU22
 105 002a 1043     		orrs	r0, r0, r2
 106              	.LVL9:
  80:Library/APM32F10x_StdPeriphDriver/src/apm32f10x_dac.c **** 
  81:Library/APM32F10x_StdPeriphDriver/src/apm32f10x_dac.c ****     DAC->CTRL = tmp1;
 107              		.loc 1 81 5 is_stmt 1 view .LVU23
 108              		.loc 1 81 15 is_stmt 0 view .LVU24
 109 002c 2060     		str	r0, [r4]
  82:Library/APM32F10x_StdPeriphDriver/src/apm32f10x_dac.c **** }
 110              		.loc 1 82 1 view .LVU25
 111 002e 10BC     		pop	{r4}
 112              	.LCFI2:
 113              		.cfi_restore 4
 114              		.cfi_def_cfa_offset 0
 115 0030 7047     		bx	lr
 116              	.L6:
 117 0032 00BF     		.align	2
 118              	.L5:
 119 0034 00740040 		.word	1073771520
 120              		.cfi_endproc
 121              	.LFE66:
 123              		.section	.text.DAC_ConfigStructInit,"ax",%progbits
 124              		.align	1
 125              		.global	DAC_ConfigStructInit
 126              		.syntax unified
 127              		.thumb
 128              		.thumb_func
 130              	DAC_ConfigStructInit:
 131              	.LVL10:
 132              	.LFB67:
  83:Library/APM32F10x_StdPeriphDriver/src/apm32f10x_dac.c **** 
  84:Library/APM32F10x_StdPeriphDriver/src/apm32f10x_dac.c **** /*!
  85:Library/APM32F10x_StdPeriphDriver/src/apm32f10x_dac.c ****  * @brief        Fills each DAC_Config_T member with its default value
  86:Library/APM32F10x_StdPeriphDriver/src/apm32f10x_dac.c ****  *
  87:Library/APM32F10x_StdPeriphDriver/src/apm32f10x_dac.c ****  * @param        dacConfig: pointer to a DAC_Config_T structure which will be initialized
  88:Library/APM32F10x_StdPeriphDriver/src/apm32f10x_dac.c ****  *
  89:Library/APM32F10x_StdPeriphDriver/src/apm32f10x_dac.c ****  * @retval       None
  90:Library/APM32F10x_StdPeriphDriver/src/apm32f10x_dac.c ****  */
  91:Library/APM32F10x_StdPeriphDriver/src/apm32f10x_dac.c **** void DAC_ConfigStructInit(DAC_Config_T* dacConfig)
  92:Library/APM32F10x_StdPeriphDriver/src/apm32f10x_dac.c **** {
 133              		.loc 1 92 1 is_stmt 1 view -0
 134              		.cfi_startproc
 135              		@ args = 0, pretend = 0, frame = 0
 136              		@ frame_needed = 0, uses_anonymous_args = 0
 137              		@ link register save eliminated.
  93:Library/APM32F10x_StdPeriphDriver/src/apm32f10x_dac.c ****     /** Initialize the DAC_Trigger member */
ARM GAS  C:\Users\geehy\AppData\Local\Temp\ccHLDro0.s 			page 5


  94:Library/APM32F10x_StdPeriphDriver/src/apm32f10x_dac.c ****     dacConfig->trigger = DAC_TRIGGER_NONE;
 138              		.loc 1 94 5 view .LVU27
 139              		.loc 1 94 24 is_stmt 0 view .LVU28
 140 0000 0023     		movs	r3, #0
 141 0002 0370     		strb	r3, [r0]
  95:Library/APM32F10x_StdPeriphDriver/src/apm32f10x_dac.c ****     /** Initialize the DAC_WaveGeneration member */
  96:Library/APM32F10x_StdPeriphDriver/src/apm32f10x_dac.c ****     dacConfig->waveGeneration = DAC_WAVE_GENERATION_NONE;
 142              		.loc 1 96 5 is_stmt 1 view .LVU29
 143              		.loc 1 96 31 is_stmt 0 view .LVU30
 144 0004 8370     		strb	r3, [r0, #2]
  97:Library/APM32F10x_StdPeriphDriver/src/apm32f10x_dac.c ****     /** Initialize the DAC_LFSRUnmask_TriangleAmplitude member */
  98:Library/APM32F10x_StdPeriphDriver/src/apm32f10x_dac.c ****     dacConfig->maskAmplitudeSelect = DAC_LFSR_MASK_BIT11_1;
 145              		.loc 1 98 5 is_stmt 1 view .LVU31
 146              		.loc 1 98 36 is_stmt 0 view .LVU32
 147 0006 8380     		strh	r3, [r0, #4]	@ movhi
  99:Library/APM32F10x_StdPeriphDriver/src/apm32f10x_dac.c ****     /** Initialize the DAC_OutputBuffer member */
 100:Library/APM32F10x_StdPeriphDriver/src/apm32f10x_dac.c ****     dacConfig->outputBuffer = DAC_OUTPUT_BUFFER_ENBALE;
 148              		.loc 1 100 5 is_stmt 1 view .LVU33
 149              		.loc 1 100 29 is_stmt 0 view .LVU34
 150 0008 4370     		strb	r3, [r0, #1]
 101:Library/APM32F10x_StdPeriphDriver/src/apm32f10x_dac.c **** }
 151              		.loc 1 101 1 view .LVU35
 152 000a 7047     		bx	lr
 153              		.cfi_endproc
 154              	.LFE67:
 156              		.section	.text.DAC_Enable,"ax",%progbits
 157              		.align	1
 158              		.global	DAC_Enable
 159              		.syntax unified
 160              		.thumb
 161              		.thumb_func
 163              	DAC_Enable:
 164              	.LVL11:
 165              	.LFB68:
 102:Library/APM32F10x_StdPeriphDriver/src/apm32f10x_dac.c **** 
 103:Library/APM32F10x_StdPeriphDriver/src/apm32f10x_dac.c **** /*!
 104:Library/APM32F10x_StdPeriphDriver/src/apm32f10x_dac.c ****  * @brief        Enables the specified DAC peripheral
 105:Library/APM32F10x_StdPeriphDriver/src/apm32f10x_dac.c ****  *
 106:Library/APM32F10x_StdPeriphDriver/src/apm32f10x_dac.c ****  * @param        channel: Select the DAC channel.
 107:Library/APM32F10x_StdPeriphDriver/src/apm32f10x_dac.c ****  *                        This parameter can be one of the following values:
 108:Library/APM32F10x_StdPeriphDriver/src/apm32f10x_dac.c ****  *                        @arg DAC_CHANNEL_1 : DAC channel 1
 109:Library/APM32F10x_StdPeriphDriver/src/apm32f10x_dac.c ****  *                        @arg DAC_CHANNEL_2 : DAC channel 2
 110:Library/APM32F10x_StdPeriphDriver/src/apm32f10x_dac.c ****  *
 111:Library/APM32F10x_StdPeriphDriver/src/apm32f10x_dac.c ****  * @retval       None
 112:Library/APM32F10x_StdPeriphDriver/src/apm32f10x_dac.c ****  */
 113:Library/APM32F10x_StdPeriphDriver/src/apm32f10x_dac.c **** void DAC_Enable(DAC_CHANNEL_T channel)
 114:Library/APM32F10x_StdPeriphDriver/src/apm32f10x_dac.c **** {
 166              		.loc 1 114 1 is_stmt 1 view -0
 167              		.cfi_startproc
 168              		@ args = 0, pretend = 0, frame = 0
 169              		@ frame_needed = 0, uses_anonymous_args = 0
 170              		@ link register save eliminated.
 115:Library/APM32F10x_StdPeriphDriver/src/apm32f10x_dac.c ****     if (channel == DAC_CHANNEL_1)
 171              		.loc 1 115 5 view .LVU37
 172              		.loc 1 115 8 is_stmt 0 view .LVU38
 173 0000 28B9     		cbnz	r0, .L9
 116:Library/APM32F10x_StdPeriphDriver/src/apm32f10x_dac.c ****     {
ARM GAS  C:\Users\geehy\AppData\Local\Temp\ccHLDro0.s 			page 6


 117:Library/APM32F10x_StdPeriphDriver/src/apm32f10x_dac.c ****         DAC->CTRL_B.ENCH1 = BIT_SET;
 174              		.loc 1 117 9 is_stmt 1 view .LVU39
 175              		.loc 1 117 27 is_stmt 0 view .LVU40
 176 0002 074A     		ldr	r2, .L12
 177 0004 1368     		ldr	r3, [r2]
 178 0006 43F00103 		orr	r3, r3, #1
 179 000a 1360     		str	r3, [r2]
 180 000c 7047     		bx	lr
 181              	.L9:
 118:Library/APM32F10x_StdPeriphDriver/src/apm32f10x_dac.c ****     }
 119:Library/APM32F10x_StdPeriphDriver/src/apm32f10x_dac.c ****     else if (channel == DAC_CHANNEL_2)
 182              		.loc 1 119 10 is_stmt 1 view .LVU41
 183              		.loc 1 119 13 is_stmt 0 view .LVU42
 184 000e 1028     		cmp	r0, #16
 185 0010 00D0     		beq	.L11
 186              	.L8:
 120:Library/APM32F10x_StdPeriphDriver/src/apm32f10x_dac.c ****     {
 121:Library/APM32F10x_StdPeriphDriver/src/apm32f10x_dac.c ****         DAC->CTRL_B.ENCH2 = BIT_SET;
 122:Library/APM32F10x_StdPeriphDriver/src/apm32f10x_dac.c ****     }
 123:Library/APM32F10x_StdPeriphDriver/src/apm32f10x_dac.c **** }
 187              		.loc 1 123 1 view .LVU43
 188 0012 7047     		bx	lr
 189              	.L11:
 121:Library/APM32F10x_StdPeriphDriver/src/apm32f10x_dac.c ****     }
 190              		.loc 1 121 9 is_stmt 1 view .LVU44
 121:Library/APM32F10x_StdPeriphDriver/src/apm32f10x_dac.c ****     }
 191              		.loc 1 121 27 is_stmt 0 view .LVU45
 192 0014 024A     		ldr	r2, .L12
 193 0016 1368     		ldr	r3, [r2]
 194 0018 43F48033 		orr	r3, r3, #65536
 195 001c 1360     		str	r3, [r2]
 196              		.loc 1 123 1 view .LVU46
 197 001e F8E7     		b	.L8
 198              	.L13:
 199              		.align	2
 200              	.L12:
 201 0020 00740040 		.word	1073771520
 202              		.cfi_endproc
 203              	.LFE68:
 205              		.section	.text.DAC_Disable,"ax",%progbits
 206              		.align	1
 207              		.global	DAC_Disable
 208              		.syntax unified
 209              		.thumb
 210              		.thumb_func
 212              	DAC_Disable:
 213              	.LVL12:
 214              	.LFB69:
 124:Library/APM32F10x_StdPeriphDriver/src/apm32f10x_dac.c **** 
 125:Library/APM32F10x_StdPeriphDriver/src/apm32f10x_dac.c **** /*!
 126:Library/APM32F10x_StdPeriphDriver/src/apm32f10x_dac.c ****  * @brief        Disables the specified DAC peripheral
 127:Library/APM32F10x_StdPeriphDriver/src/apm32f10x_dac.c ****  *
 128:Library/APM32F10x_StdPeriphDriver/src/apm32f10x_dac.c ****  * @param        channel: Select the DAC channel.
 129:Library/APM32F10x_StdPeriphDriver/src/apm32f10x_dac.c ****  *                        This parameter can be one of the following values:
 130:Library/APM32F10x_StdPeriphDriver/src/apm32f10x_dac.c ****  *                        @arg DAC_CHANNEL_1 : DAC channel 1
 131:Library/APM32F10x_StdPeriphDriver/src/apm32f10x_dac.c ****  *                        @arg DAC_CHANNEL_2 : DAC channel 2
 132:Library/APM32F10x_StdPeriphDriver/src/apm32f10x_dac.c ****  *
ARM GAS  C:\Users\geehy\AppData\Local\Temp\ccHLDro0.s 			page 7


 133:Library/APM32F10x_StdPeriphDriver/src/apm32f10x_dac.c ****  * @retval       None
 134:Library/APM32F10x_StdPeriphDriver/src/apm32f10x_dac.c ****  */
 135:Library/APM32F10x_StdPeriphDriver/src/apm32f10x_dac.c **** void DAC_Disable(DAC_CHANNEL_T channel)
 136:Library/APM32F10x_StdPeriphDriver/src/apm32f10x_dac.c **** {
 215              		.loc 1 136 1 is_stmt 1 view -0
 216              		.cfi_startproc
 217              		@ args = 0, pretend = 0, frame = 0
 218              		@ frame_needed = 0, uses_anonymous_args = 0
 219              		@ link register save eliminated.
 137:Library/APM32F10x_StdPeriphDriver/src/apm32f10x_dac.c ****     if (channel == DAC_CHANNEL_1)
 220              		.loc 1 137 5 view .LVU48
 221              		.loc 1 137 8 is_stmt 0 view .LVU49
 222 0000 28B9     		cbnz	r0, .L15
 138:Library/APM32F10x_StdPeriphDriver/src/apm32f10x_dac.c ****     {
 139:Library/APM32F10x_StdPeriphDriver/src/apm32f10x_dac.c ****         DAC->CTRL_B.ENCH1 = BIT_RESET;
 223              		.loc 1 139 9 is_stmt 1 view .LVU50
 224              		.loc 1 139 27 is_stmt 0 view .LVU51
 225 0002 074B     		ldr	r3, .L18
 226 0004 1A68     		ldr	r2, [r3]
 227 0006 6FF30002 		bfc	r2, #0, #1
 228 000a 1A60     		str	r2, [r3]
 229 000c 7047     		bx	lr
 230              	.L15:
 140:Library/APM32F10x_StdPeriphDriver/src/apm32f10x_dac.c ****     }
 141:Library/APM32F10x_StdPeriphDriver/src/apm32f10x_dac.c ****     else if (channel == DAC_CHANNEL_2)
 231              		.loc 1 141 10 is_stmt 1 view .LVU52
 232              		.loc 1 141 13 is_stmt 0 view .LVU53
 233 000e 1028     		cmp	r0, #16
 234 0010 00D0     		beq	.L17
 235              	.L14:
 142:Library/APM32F10x_StdPeriphDriver/src/apm32f10x_dac.c ****     {
 143:Library/APM32F10x_StdPeriphDriver/src/apm32f10x_dac.c ****         DAC->CTRL_B.ENCH2 = BIT_RESET;
 144:Library/APM32F10x_StdPeriphDriver/src/apm32f10x_dac.c ****     }
 145:Library/APM32F10x_StdPeriphDriver/src/apm32f10x_dac.c **** }
 236              		.loc 1 145 1 view .LVU54
 237 0012 7047     		bx	lr
 238              	.L17:
 143:Library/APM32F10x_StdPeriphDriver/src/apm32f10x_dac.c ****     }
 239              		.loc 1 143 9 is_stmt 1 view .LVU55
 143:Library/APM32F10x_StdPeriphDriver/src/apm32f10x_dac.c ****     }
 240              		.loc 1 143 27 is_stmt 0 view .LVU56
 241 0014 024B     		ldr	r3, .L18
 242 0016 1A68     		ldr	r2, [r3]
 243 0018 6FF31042 		bfc	r2, #16, #1
 244 001c 1A60     		str	r2, [r3]
 245              		.loc 1 145 1 view .LVU57
 246 001e F8E7     		b	.L14
 247              	.L19:
 248              		.align	2
 249              	.L18:
 250 0020 00740040 		.word	1073771520
 251              		.cfi_endproc
 252              	.LFE69:
 254              		.section	.text.DAC_DMA_Enable,"ax",%progbits
 255              		.align	1
 256              		.global	DAC_DMA_Enable
 257              		.syntax unified
ARM GAS  C:\Users\geehy\AppData\Local\Temp\ccHLDro0.s 			page 8


 258              		.thumb
 259              		.thumb_func
 261              	DAC_DMA_Enable:
 262              	.LVL13:
 263              	.LFB70:
 146:Library/APM32F10x_StdPeriphDriver/src/apm32f10x_dac.c **** 
 147:Library/APM32F10x_StdPeriphDriver/src/apm32f10x_dac.c **** 
 148:Library/APM32F10x_StdPeriphDriver/src/apm32f10x_dac.c **** /*!
 149:Library/APM32F10x_StdPeriphDriver/src/apm32f10x_dac.c ****  * @brief        Enables the specified DAC channel DMA request
 150:Library/APM32F10x_StdPeriphDriver/src/apm32f10x_dac.c ****  *
 151:Library/APM32F10x_StdPeriphDriver/src/apm32f10x_dac.c ****  * @param        channel: Select the DAC channel.
 152:Library/APM32F10x_StdPeriphDriver/src/apm32f10x_dac.c ****  *                        This parameter can be one of the following values:
 153:Library/APM32F10x_StdPeriphDriver/src/apm32f10x_dac.c ****  *                        @arg DAC_CHANNEL_1 : DAC channel 1
 154:Library/APM32F10x_StdPeriphDriver/src/apm32f10x_dac.c ****  *                        @arg DAC_CHANNEL_2 : DAC channel 2
 155:Library/APM32F10x_StdPeriphDriver/src/apm32f10x_dac.c ****  *
 156:Library/APM32F10x_StdPeriphDriver/src/apm32f10x_dac.c ****  * @retval       None
 157:Library/APM32F10x_StdPeriphDriver/src/apm32f10x_dac.c ****  */
 158:Library/APM32F10x_StdPeriphDriver/src/apm32f10x_dac.c **** void DAC_DMA_Enable(DAC_CHANNEL_T channel)
 159:Library/APM32F10x_StdPeriphDriver/src/apm32f10x_dac.c **** {
 264              		.loc 1 159 1 is_stmt 1 view -0
 265              		.cfi_startproc
 266              		@ args = 0, pretend = 0, frame = 0
 267              		@ frame_needed = 0, uses_anonymous_args = 0
 268              		@ link register save eliminated.
 160:Library/APM32F10x_StdPeriphDriver/src/apm32f10x_dac.c ****     if (channel == DAC_CHANNEL_1)
 269              		.loc 1 160 5 view .LVU59
 270              		.loc 1 160 8 is_stmt 0 view .LVU60
 271 0000 28B9     		cbnz	r0, .L21
 161:Library/APM32F10x_StdPeriphDriver/src/apm32f10x_dac.c ****     {
 162:Library/APM32F10x_StdPeriphDriver/src/apm32f10x_dac.c ****         DAC->CTRL_B.DMAENCH1 = BIT_SET;
 272              		.loc 1 162 9 is_stmt 1 view .LVU61
 273              		.loc 1 162 30 is_stmt 0 view .LVU62
 274 0002 074A     		ldr	r2, .L24
 275 0004 1368     		ldr	r3, [r2]
 276 0006 43F48053 		orr	r3, r3, #4096
 277 000a 1360     		str	r3, [r2]
 278 000c 7047     		bx	lr
 279              	.L21:
 163:Library/APM32F10x_StdPeriphDriver/src/apm32f10x_dac.c ****     }
 164:Library/APM32F10x_StdPeriphDriver/src/apm32f10x_dac.c ****     else if (channel == DAC_CHANNEL_2)
 280              		.loc 1 164 10 is_stmt 1 view .LVU63
 281              		.loc 1 164 13 is_stmt 0 view .LVU64
 282 000e 1028     		cmp	r0, #16
 283 0010 00D0     		beq	.L23
 284              	.L20:
 165:Library/APM32F10x_StdPeriphDriver/src/apm32f10x_dac.c ****     {
 166:Library/APM32F10x_StdPeriphDriver/src/apm32f10x_dac.c ****         DAC->CTRL_B.DMAENCH2 = BIT_SET;
 167:Library/APM32F10x_StdPeriphDriver/src/apm32f10x_dac.c ****     }
 168:Library/APM32F10x_StdPeriphDriver/src/apm32f10x_dac.c **** }
 285              		.loc 1 168 1 view .LVU65
 286 0012 7047     		bx	lr
 287              	.L23:
 166:Library/APM32F10x_StdPeriphDriver/src/apm32f10x_dac.c ****     }
 288              		.loc 1 166 9 is_stmt 1 view .LVU66
 166:Library/APM32F10x_StdPeriphDriver/src/apm32f10x_dac.c ****     }
 289              		.loc 1 166 30 is_stmt 0 view .LVU67
 290 0014 024A     		ldr	r2, .L24
ARM GAS  C:\Users\geehy\AppData\Local\Temp\ccHLDro0.s 			page 9


 291 0016 1368     		ldr	r3, [r2]
 292 0018 43F08053 		orr	r3, r3, #268435456
 293 001c 1360     		str	r3, [r2]
 294              		.loc 1 168 1 view .LVU68
 295 001e F8E7     		b	.L20
 296              	.L25:
 297              		.align	2
 298              	.L24:
 299 0020 00740040 		.word	1073771520
 300              		.cfi_endproc
 301              	.LFE70:
 303              		.section	.text.DAC_DMA_Disable,"ax",%progbits
 304              		.align	1
 305              		.global	DAC_DMA_Disable
 306              		.syntax unified
 307              		.thumb
 308              		.thumb_func
 310              	DAC_DMA_Disable:
 311              	.LVL14:
 312              	.LFB71:
 169:Library/APM32F10x_StdPeriphDriver/src/apm32f10x_dac.c **** 
 170:Library/APM32F10x_StdPeriphDriver/src/apm32f10x_dac.c **** /*!
 171:Library/APM32F10x_StdPeriphDriver/src/apm32f10x_dac.c ****  * @brief        Disables the specified DAC channel DMA request
 172:Library/APM32F10x_StdPeriphDriver/src/apm32f10x_dac.c ****  *
 173:Library/APM32F10x_StdPeriphDriver/src/apm32f10x_dac.c ****  * @param        channel: Select the DAC channel.
 174:Library/APM32F10x_StdPeriphDriver/src/apm32f10x_dac.c ****  *                        This parameter can be one of the following values:
 175:Library/APM32F10x_StdPeriphDriver/src/apm32f10x_dac.c ****  *                        @arg DAC_CHANNEL_1 : DAC channel 1
 176:Library/APM32F10x_StdPeriphDriver/src/apm32f10x_dac.c ****  *                        @arg DAC_CHANNEL_2 : DAC channel 2
 177:Library/APM32F10x_StdPeriphDriver/src/apm32f10x_dac.c ****  *
 178:Library/APM32F10x_StdPeriphDriver/src/apm32f10x_dac.c ****  * @retval       None
 179:Library/APM32F10x_StdPeriphDriver/src/apm32f10x_dac.c ****  */
 180:Library/APM32F10x_StdPeriphDriver/src/apm32f10x_dac.c **** void DAC_DMA_Disable(DAC_CHANNEL_T channel)
 181:Library/APM32F10x_StdPeriphDriver/src/apm32f10x_dac.c **** {
 313              		.loc 1 181 1 is_stmt 1 view -0
 314              		.cfi_startproc
 315              		@ args = 0, pretend = 0, frame = 0
 316              		@ frame_needed = 0, uses_anonymous_args = 0
 317              		@ link register save eliminated.
 182:Library/APM32F10x_StdPeriphDriver/src/apm32f10x_dac.c ****     if (channel == DAC_CHANNEL_1)
 318              		.loc 1 182 5 view .LVU70
 319              		.loc 1 182 8 is_stmt 0 view .LVU71
 320 0000 28B9     		cbnz	r0, .L27
 183:Library/APM32F10x_StdPeriphDriver/src/apm32f10x_dac.c ****     {
 184:Library/APM32F10x_StdPeriphDriver/src/apm32f10x_dac.c ****         DAC->CTRL_B.DMAENCH1 = BIT_RESET;
 321              		.loc 1 184 9 is_stmt 1 view .LVU72
 322              		.loc 1 184 30 is_stmt 0 view .LVU73
 323 0002 074B     		ldr	r3, .L30
 324 0004 1A68     		ldr	r2, [r3]
 325 0006 6FF30C32 		bfc	r2, #12, #1
 326 000a 1A60     		str	r2, [r3]
 327 000c 7047     		bx	lr
 328              	.L27:
 185:Library/APM32F10x_StdPeriphDriver/src/apm32f10x_dac.c ****     }
 186:Library/APM32F10x_StdPeriphDriver/src/apm32f10x_dac.c ****     else if (channel == DAC_CHANNEL_2)
 329              		.loc 1 186 10 is_stmt 1 view .LVU74
 330              		.loc 1 186 13 is_stmt 0 view .LVU75
 331 000e 1028     		cmp	r0, #16
ARM GAS  C:\Users\geehy\AppData\Local\Temp\ccHLDro0.s 			page 10


 332 0010 00D0     		beq	.L29
 333              	.L26:
 187:Library/APM32F10x_StdPeriphDriver/src/apm32f10x_dac.c ****     {
 188:Library/APM32F10x_StdPeriphDriver/src/apm32f10x_dac.c ****         DAC->CTRL_B.DMAENCH2 = BIT_RESET;
 189:Library/APM32F10x_StdPeriphDriver/src/apm32f10x_dac.c ****     }
 190:Library/APM32F10x_StdPeriphDriver/src/apm32f10x_dac.c **** }
 334              		.loc 1 190 1 view .LVU76
 335 0012 7047     		bx	lr
 336              	.L29:
 188:Library/APM32F10x_StdPeriphDriver/src/apm32f10x_dac.c ****     }
 337              		.loc 1 188 9 is_stmt 1 view .LVU77
 188:Library/APM32F10x_StdPeriphDriver/src/apm32f10x_dac.c ****     }
 338              		.loc 1 188 30 is_stmt 0 view .LVU78
 339 0014 024B     		ldr	r3, .L30
 340 0016 1A68     		ldr	r2, [r3]
 341 0018 6FF31C72 		bfc	r2, #28, #1
 342 001c 1A60     		str	r2, [r3]
 343              		.loc 1 190 1 view .LVU79
 344 001e F8E7     		b	.L26
 345              	.L31:
 346              		.align	2
 347              	.L30:
 348 0020 00740040 		.word	1073771520
 349              		.cfi_endproc
 350              	.LFE71:
 352              		.section	.text.DAC_EnableSoftwareTrigger,"ax",%progbits
 353              		.align	1
 354              		.global	DAC_EnableSoftwareTrigger
 355              		.syntax unified
 356              		.thumb
 357              		.thumb_func
 359              	DAC_EnableSoftwareTrigger:
 360              	.LVL15:
 361              	.LFB72:
 191:Library/APM32F10x_StdPeriphDriver/src/apm32f10x_dac.c **** 
 192:Library/APM32F10x_StdPeriphDriver/src/apm32f10x_dac.c **** /*!
 193:Library/APM32F10x_StdPeriphDriver/src/apm32f10x_dac.c ****  * @brief        Enables the selected DAC channel software trigger
 194:Library/APM32F10x_StdPeriphDriver/src/apm32f10x_dac.c ****  *
 195:Library/APM32F10x_StdPeriphDriver/src/apm32f10x_dac.c ****  * @param        channel: Select the DAC channel.
 196:Library/APM32F10x_StdPeriphDriver/src/apm32f10x_dac.c ****  *                        This parameter can be one of the following values:
 197:Library/APM32F10x_StdPeriphDriver/src/apm32f10x_dac.c ****  *                        @arg DAC_CHANNEL_1 : DAC channel 1
 198:Library/APM32F10x_StdPeriphDriver/src/apm32f10x_dac.c ****  *                        @arg DAC_CHANNEL_2 : DAC channel 2
 199:Library/APM32F10x_StdPeriphDriver/src/apm32f10x_dac.c ****  *
 200:Library/APM32F10x_StdPeriphDriver/src/apm32f10x_dac.c ****  * @retval       None
 201:Library/APM32F10x_StdPeriphDriver/src/apm32f10x_dac.c ****  */
 202:Library/APM32F10x_StdPeriphDriver/src/apm32f10x_dac.c **** void DAC_EnableSoftwareTrigger(DAC_CHANNEL_T channel)
 203:Library/APM32F10x_StdPeriphDriver/src/apm32f10x_dac.c **** {
 362              		.loc 1 203 1 is_stmt 1 view -0
 363              		.cfi_startproc
 364              		@ args = 0, pretend = 0, frame = 0
 365              		@ frame_needed = 0, uses_anonymous_args = 0
 366              		@ link register save eliminated.
 204:Library/APM32F10x_StdPeriphDriver/src/apm32f10x_dac.c ****     if (channel == DAC_CHANNEL_1)
 367              		.loc 1 204 5 view .LVU81
 368              		.loc 1 204 8 is_stmt 0 view .LVU82
 369 0000 28B9     		cbnz	r0, .L33
 205:Library/APM32F10x_StdPeriphDriver/src/apm32f10x_dac.c ****     {
ARM GAS  C:\Users\geehy\AppData\Local\Temp\ccHLDro0.s 			page 11


 206:Library/APM32F10x_StdPeriphDriver/src/apm32f10x_dac.c ****         DAC->SWTRG_B.SWTRG1 = BIT_SET;
 370              		.loc 1 206 9 is_stmt 1 view .LVU83
 371              		.loc 1 206 29 is_stmt 0 view .LVU84
 372 0002 074A     		ldr	r2, .L36
 373 0004 5368     		ldr	r3, [r2, #4]
 374 0006 43F00103 		orr	r3, r3, #1
 375 000a 5360     		str	r3, [r2, #4]
 376 000c 7047     		bx	lr
 377              	.L33:
 207:Library/APM32F10x_StdPeriphDriver/src/apm32f10x_dac.c ****     }
 208:Library/APM32F10x_StdPeriphDriver/src/apm32f10x_dac.c ****     else if (channel == DAC_CHANNEL_2)
 378              		.loc 1 208 10 is_stmt 1 view .LVU85
 379              		.loc 1 208 13 is_stmt 0 view .LVU86
 380 000e 1028     		cmp	r0, #16
 381 0010 00D0     		beq	.L35
 382              	.L32:
 209:Library/APM32F10x_StdPeriphDriver/src/apm32f10x_dac.c ****     {
 210:Library/APM32F10x_StdPeriphDriver/src/apm32f10x_dac.c ****         DAC->SWTRG_B.SWTRG2 = BIT_SET;
 211:Library/APM32F10x_StdPeriphDriver/src/apm32f10x_dac.c ****     }
 212:Library/APM32F10x_StdPeriphDriver/src/apm32f10x_dac.c **** }
 383              		.loc 1 212 1 view .LVU87
 384 0012 7047     		bx	lr
 385              	.L35:
 210:Library/APM32F10x_StdPeriphDriver/src/apm32f10x_dac.c ****     }
 386              		.loc 1 210 9 is_stmt 1 view .LVU88
 210:Library/APM32F10x_StdPeriphDriver/src/apm32f10x_dac.c ****     }
 387              		.loc 1 210 29 is_stmt 0 view .LVU89
 388 0014 024A     		ldr	r2, .L36
 389 0016 5368     		ldr	r3, [r2, #4]
 390 0018 43F00203 		orr	r3, r3, #2
 391 001c 5360     		str	r3, [r2, #4]
 392              		.loc 1 212 1 view .LVU90
 393 001e F8E7     		b	.L32
 394              	.L37:
 395              		.align	2
 396              	.L36:
 397 0020 00740040 		.word	1073771520
 398              		.cfi_endproc
 399              	.LFE72:
 401              		.section	.text.DAC_DisableSoftwareTrigger,"ax",%progbits
 402              		.align	1
 403              		.global	DAC_DisableSoftwareTrigger
 404              		.syntax unified
 405              		.thumb
 406              		.thumb_func
 408              	DAC_DisableSoftwareTrigger:
 409              	.LVL16:
 410              	.LFB73:
 213:Library/APM32F10x_StdPeriphDriver/src/apm32f10x_dac.c **** 
 214:Library/APM32F10x_StdPeriphDriver/src/apm32f10x_dac.c **** /*!
 215:Library/APM32F10x_StdPeriphDriver/src/apm32f10x_dac.c ****  * @brief        Disable the selected DAC channel software trigger
 216:Library/APM32F10x_StdPeriphDriver/src/apm32f10x_dac.c ****  *
 217:Library/APM32F10x_StdPeriphDriver/src/apm32f10x_dac.c ****  * @param        channel: Select the DAC channel.
 218:Library/APM32F10x_StdPeriphDriver/src/apm32f10x_dac.c ****  *                        This parameter can be one of the following values:
 219:Library/APM32F10x_StdPeriphDriver/src/apm32f10x_dac.c ****  *                        @arg DAC_CHANNEL_1 : DAC channel 1
 220:Library/APM32F10x_StdPeriphDriver/src/apm32f10x_dac.c ****  *                        @arg DAC_CHANNEL_2 : DAC channel 2
 221:Library/APM32F10x_StdPeriphDriver/src/apm32f10x_dac.c ****  *
ARM GAS  C:\Users\geehy\AppData\Local\Temp\ccHLDro0.s 			page 12


 222:Library/APM32F10x_StdPeriphDriver/src/apm32f10x_dac.c ****  * @retval       None
 223:Library/APM32F10x_StdPeriphDriver/src/apm32f10x_dac.c ****  */
 224:Library/APM32F10x_StdPeriphDriver/src/apm32f10x_dac.c **** void DAC_DisableSoftwareTrigger(DAC_CHANNEL_T channel)
 225:Library/APM32F10x_StdPeriphDriver/src/apm32f10x_dac.c **** {
 411              		.loc 1 225 1 is_stmt 1 view -0
 412              		.cfi_startproc
 413              		@ args = 0, pretend = 0, frame = 0
 414              		@ frame_needed = 0, uses_anonymous_args = 0
 415              		@ link register save eliminated.
 226:Library/APM32F10x_StdPeriphDriver/src/apm32f10x_dac.c ****     if (channel == DAC_CHANNEL_1)
 416              		.loc 1 226 5 view .LVU92
 417              		.loc 1 226 8 is_stmt 0 view .LVU93
 418 0000 28B9     		cbnz	r0, .L39
 227:Library/APM32F10x_StdPeriphDriver/src/apm32f10x_dac.c ****     {
 228:Library/APM32F10x_StdPeriphDriver/src/apm32f10x_dac.c ****         DAC->SWTRG_B.SWTRG1 = BIT_RESET;
 419              		.loc 1 228 9 is_stmt 1 view .LVU94
 420              		.loc 1 228 29 is_stmt 0 view .LVU95
 421 0002 074B     		ldr	r3, .L42
 422 0004 5A68     		ldr	r2, [r3, #4]
 423 0006 6FF30002 		bfc	r2, #0, #1
 424 000a 5A60     		str	r2, [r3, #4]
 425 000c 7047     		bx	lr
 426              	.L39:
 229:Library/APM32F10x_StdPeriphDriver/src/apm32f10x_dac.c ****     }
 230:Library/APM32F10x_StdPeriphDriver/src/apm32f10x_dac.c ****     else if (channel == DAC_CHANNEL_2)
 427              		.loc 1 230 10 is_stmt 1 view .LVU96
 428              		.loc 1 230 13 is_stmt 0 view .LVU97
 429 000e 1028     		cmp	r0, #16
 430 0010 00D0     		beq	.L41
 431              	.L38:
 231:Library/APM32F10x_StdPeriphDriver/src/apm32f10x_dac.c ****     {
 232:Library/APM32F10x_StdPeriphDriver/src/apm32f10x_dac.c ****         DAC->SWTRG_B.SWTRG2 = BIT_RESET;
 233:Library/APM32F10x_StdPeriphDriver/src/apm32f10x_dac.c ****     }
 234:Library/APM32F10x_StdPeriphDriver/src/apm32f10x_dac.c **** }
 432              		.loc 1 234 1 view .LVU98
 433 0012 7047     		bx	lr
 434              	.L41:
 232:Library/APM32F10x_StdPeriphDriver/src/apm32f10x_dac.c ****     }
 435              		.loc 1 232 9 is_stmt 1 view .LVU99
 232:Library/APM32F10x_StdPeriphDriver/src/apm32f10x_dac.c ****     }
 436              		.loc 1 232 29 is_stmt 0 view .LVU100
 437 0014 024B     		ldr	r3, .L42
 438 0016 5A68     		ldr	r2, [r3, #4]
 439 0018 6FF34102 		bfc	r2, #1, #1
 440 001c 5A60     		str	r2, [r3, #4]
 441              		.loc 1 234 1 view .LVU101
 442 001e F8E7     		b	.L38
 443              	.L43:
 444              		.align	2
 445              	.L42:
 446 0020 00740040 		.word	1073771520
 447              		.cfi_endproc
 448              	.LFE73:
 450              		.section	.text.DAC_EnableDualSoftwareTrigger,"ax",%progbits
 451              		.align	1
 452              		.global	DAC_EnableDualSoftwareTrigger
 453              		.syntax unified
ARM GAS  C:\Users\geehy\AppData\Local\Temp\ccHLDro0.s 			page 13


 454              		.thumb
 455              		.thumb_func
 457              	DAC_EnableDualSoftwareTrigger:
 458              	.LFB74:
 235:Library/APM32F10x_StdPeriphDriver/src/apm32f10x_dac.c **** /*!
 236:Library/APM32F10x_StdPeriphDriver/src/apm32f10x_dac.c ****  * @brief        Enables simultaneously the two DAC channels software
 237:Library/APM32F10x_StdPeriphDriver/src/apm32f10x_dac.c ****  *
 238:Library/APM32F10x_StdPeriphDriver/src/apm32f10x_dac.c ****  * @param        None
 239:Library/APM32F10x_StdPeriphDriver/src/apm32f10x_dac.c ****  *
 240:Library/APM32F10x_StdPeriphDriver/src/apm32f10x_dac.c ****  * @retval       None
 241:Library/APM32F10x_StdPeriphDriver/src/apm32f10x_dac.c ****  */
 242:Library/APM32F10x_StdPeriphDriver/src/apm32f10x_dac.c **** void DAC_EnableDualSoftwareTrigger(void)
 243:Library/APM32F10x_StdPeriphDriver/src/apm32f10x_dac.c **** {
 459              		.loc 1 243 1 is_stmt 1 view -0
 460              		.cfi_startproc
 461              		@ args = 0, pretend = 0, frame = 0
 462              		@ frame_needed = 0, uses_anonymous_args = 0
 463              		@ link register save eliminated.
 244:Library/APM32F10x_StdPeriphDriver/src/apm32f10x_dac.c ****     DAC->SWTRG_B.SWTRG1 = BIT_SET;
 464              		.loc 1 244 5 view .LVU103
 465              		.loc 1 244 25 is_stmt 0 view .LVU104
 466 0000 044B     		ldr	r3, .L45
 467 0002 5A68     		ldr	r2, [r3, #4]
 468 0004 42F00102 		orr	r2, r2, #1
 469 0008 5A60     		str	r2, [r3, #4]
 245:Library/APM32F10x_StdPeriphDriver/src/apm32f10x_dac.c ****     DAC->SWTRG_B.SWTRG2 = BIT_SET;
 470              		.loc 1 245 5 is_stmt 1 view .LVU105
 471              		.loc 1 245 25 is_stmt 0 view .LVU106
 472 000a 5A68     		ldr	r2, [r3, #4]
 473 000c 42F00202 		orr	r2, r2, #2
 474 0010 5A60     		str	r2, [r3, #4]
 246:Library/APM32F10x_StdPeriphDriver/src/apm32f10x_dac.c **** }
 475              		.loc 1 246 1 view .LVU107
 476 0012 7047     		bx	lr
 477              	.L46:
 478              		.align	2
 479              	.L45:
 480 0014 00740040 		.word	1073771520
 481              		.cfi_endproc
 482              	.LFE74:
 484              		.section	.text.DAC_DisableDualSoftwareTrigger,"ax",%progbits
 485              		.align	1
 486              		.global	DAC_DisableDualSoftwareTrigger
 487              		.syntax unified
 488              		.thumb
 489              		.thumb_func
 491              	DAC_DisableDualSoftwareTrigger:
 492              	.LFB75:
 247:Library/APM32F10x_StdPeriphDriver/src/apm32f10x_dac.c **** 
 248:Library/APM32F10x_StdPeriphDriver/src/apm32f10x_dac.c **** /*!
 249:Library/APM32F10x_StdPeriphDriver/src/apm32f10x_dac.c ****  * @brief        Disables simultaneously the two DAC channels software
 250:Library/APM32F10x_StdPeriphDriver/src/apm32f10x_dac.c ****  *
 251:Library/APM32F10x_StdPeriphDriver/src/apm32f10x_dac.c ****  * @param        None
 252:Library/APM32F10x_StdPeriphDriver/src/apm32f10x_dac.c ****  *
 253:Library/APM32F10x_StdPeriphDriver/src/apm32f10x_dac.c ****  * @retval       None
 254:Library/APM32F10x_StdPeriphDriver/src/apm32f10x_dac.c ****  */
 255:Library/APM32F10x_StdPeriphDriver/src/apm32f10x_dac.c **** void DAC_DisableDualSoftwareTrigger(void)
ARM GAS  C:\Users\geehy\AppData\Local\Temp\ccHLDro0.s 			page 14


 256:Library/APM32F10x_StdPeriphDriver/src/apm32f10x_dac.c **** {
 493              		.loc 1 256 1 is_stmt 1 view -0
 494              		.cfi_startproc
 495              		@ args = 0, pretend = 0, frame = 0
 496              		@ frame_needed = 0, uses_anonymous_args = 0
 497              		@ link register save eliminated.
 257:Library/APM32F10x_StdPeriphDriver/src/apm32f10x_dac.c ****     DAC->SWTRG_B.SWTRG1 = BIT_RESET;
 498              		.loc 1 257 5 view .LVU109
 499              		.loc 1 257 25 is_stmt 0 view .LVU110
 500 0000 044B     		ldr	r3, .L48
 501 0002 5A68     		ldr	r2, [r3, #4]
 502 0004 6FF30002 		bfc	r2, #0, #1
 503 0008 5A60     		str	r2, [r3, #4]
 258:Library/APM32F10x_StdPeriphDriver/src/apm32f10x_dac.c ****     DAC->SWTRG_B.SWTRG2 = BIT_RESET;
 504              		.loc 1 258 5 is_stmt 1 view .LVU111
 505              		.loc 1 258 25 is_stmt 0 view .LVU112
 506 000a 5A68     		ldr	r2, [r3, #4]
 507 000c 6FF34102 		bfc	r2, #1, #1
 508 0010 5A60     		str	r2, [r3, #4]
 259:Library/APM32F10x_StdPeriphDriver/src/apm32f10x_dac.c **** }
 509              		.loc 1 259 1 view .LVU113
 510 0012 7047     		bx	lr
 511              	.L49:
 512              		.align	2
 513              	.L48:
 514 0014 00740040 		.word	1073771520
 515              		.cfi_endproc
 516              	.LFE75:
 518              		.section	.text.DAC_EnableWaveGeneration,"ax",%progbits
 519              		.align	1
 520              		.global	DAC_EnableWaveGeneration
 521              		.syntax unified
 522              		.thumb
 523              		.thumb_func
 525              	DAC_EnableWaveGeneration:
 526              	.LVL17:
 527              	.LFB76:
 260:Library/APM32F10x_StdPeriphDriver/src/apm32f10x_dac.c **** 
 261:Library/APM32F10x_StdPeriphDriver/src/apm32f10x_dac.c **** /*!
 262:Library/APM32F10x_StdPeriphDriver/src/apm32f10x_dac.c ****  * @brief        Enables the selected DAC channel wave generation
 263:Library/APM32F10x_StdPeriphDriver/src/apm32f10x_dac.c ****  *
 264:Library/APM32F10x_StdPeriphDriver/src/apm32f10x_dac.c ****  * @param        channel: Select the DAC channel.
 265:Library/APM32F10x_StdPeriphDriver/src/apm32f10x_dac.c ****  *                        This parameter can be one of the following values:
 266:Library/APM32F10x_StdPeriphDriver/src/apm32f10x_dac.c ****  *                        @arg DAC_CHANNEL_1 : DAC channel 1
 267:Library/APM32F10x_StdPeriphDriver/src/apm32f10x_dac.c ****  *                        @arg DAC_CHANNEL_2 : DAC channel 2
 268:Library/APM32F10x_StdPeriphDriver/src/apm32f10x_dac.c ****  *
 269:Library/APM32F10x_StdPeriphDriver/src/apm32f10x_dac.c ****  * @param        wave: Select the wave
 270:Library/APM32F10x_StdPeriphDriver/src/apm32f10x_dac.c ****  *                     This parameter can be one of the following values:
 271:Library/APM32F10x_StdPeriphDriver/src/apm32f10x_dac.c ****  *                     @arg DAC_WAVE_GENERATION_NONE     : no wave generation
 272:Library/APM32F10x_StdPeriphDriver/src/apm32f10x_dac.c ****  *                     @arg DAC_WAVE_GENERATION_NOISE    : Noise wave generation
 273:Library/APM32F10x_StdPeriphDriver/src/apm32f10x_dac.c ****  *                     @arg DAC_WAVE_GENERATION_TRIANGLE : Triangle wave generation
 274:Library/APM32F10x_StdPeriphDriver/src/apm32f10x_dac.c ****  *
 275:Library/APM32F10x_StdPeriphDriver/src/apm32f10x_dac.c ****  * @retval       None
 276:Library/APM32F10x_StdPeriphDriver/src/apm32f10x_dac.c ****  */
 277:Library/APM32F10x_StdPeriphDriver/src/apm32f10x_dac.c **** void DAC_EnableWaveGeneration(DAC_CHANNEL_T channel, DAC_WAVE_GENERATION_T wave)
 278:Library/APM32F10x_StdPeriphDriver/src/apm32f10x_dac.c **** {
 528              		.loc 1 278 1 is_stmt 1 view -0
ARM GAS  C:\Users\geehy\AppData\Local\Temp\ccHLDro0.s 			page 15


 529              		.cfi_startproc
 530              		@ args = 0, pretend = 0, frame = 0
 531              		@ frame_needed = 0, uses_anonymous_args = 0
 532              		@ link register save eliminated.
 533              		.loc 1 278 1 is_stmt 0 view .LVU115
 534 0000 10B4     		push	{r4}
 535              	.LCFI3:
 536              		.cfi_def_cfa_offset 4
 537              		.cfi_offset 4, -4
 279:Library/APM32F10x_StdPeriphDriver/src/apm32f10x_dac.c ****     DAC->CTRL &= 0xFF3FFF3F;
 538              		.loc 1 279 5 is_stmt 1 view .LVU116
 539              		.loc 1 279 15 is_stmt 0 view .LVU117
 540 0002 054B     		ldr	r3, .L52
 541 0004 1C68     		ldr	r4, [r3]
 542 0006 24F0C014 		bic	r4, r4, #12583104
 543 000a 1C60     		str	r4, [r3]
 280:Library/APM32F10x_StdPeriphDriver/src/apm32f10x_dac.c ****     DAC->CTRL |= wave << channel;
 544              		.loc 1 280 5 is_stmt 1 view .LVU118
 545              		.loc 1 280 15 is_stmt 0 view .LVU119
 546 000c 1A68     		ldr	r2, [r3]
 547              		.loc 1 280 23 view .LVU120
 548 000e 8140     		lsls	r1, r1, r0
 549              	.LVL18:
 550              		.loc 1 280 15 view .LVU121
 551 0010 0A43     		orrs	r2, r2, r1
 552 0012 1A60     		str	r2, [r3]
 281:Library/APM32F10x_StdPeriphDriver/src/apm32f10x_dac.c **** }
 553              		.loc 1 281 1 view .LVU122
 554 0014 10BC     		pop	{r4}
 555              	.LCFI4:
 556              		.cfi_restore 4
 557              		.cfi_def_cfa_offset 0
 558 0016 7047     		bx	lr
 559              	.L53:
 560              		.align	2
 561              	.L52:
 562 0018 00740040 		.word	1073771520
 563              		.cfi_endproc
 564              	.LFE76:
 566              		.section	.text.DAC_DisableWaveGeneration,"ax",%progbits
 567              		.align	1
 568              		.global	DAC_DisableWaveGeneration
 569              		.syntax unified
 570              		.thumb
 571              		.thumb_func
 573              	DAC_DisableWaveGeneration:
 574              	.LVL19:
 575              	.LFB77:
 282:Library/APM32F10x_StdPeriphDriver/src/apm32f10x_dac.c **** 
 283:Library/APM32F10x_StdPeriphDriver/src/apm32f10x_dac.c **** /*!
 284:Library/APM32F10x_StdPeriphDriver/src/apm32f10x_dac.c ****  * @brief        Disables the selected DAC channel wave generation
 285:Library/APM32F10x_StdPeriphDriver/src/apm32f10x_dac.c ****  *
 286:Library/APM32F10x_StdPeriphDriver/src/apm32f10x_dac.c ****  * @param        channel: Select the DAC channel.
 287:Library/APM32F10x_StdPeriphDriver/src/apm32f10x_dac.c ****  *                        This parameter can be one of the following values:
 288:Library/APM32F10x_StdPeriphDriver/src/apm32f10x_dac.c ****  *                        @arg DAC_CHANNEL_1 : DAC channel 1
 289:Library/APM32F10x_StdPeriphDriver/src/apm32f10x_dac.c ****  *                        @arg DAC_CHANNEL_2 : DAC channel 2
 290:Library/APM32F10x_StdPeriphDriver/src/apm32f10x_dac.c ****  *
ARM GAS  C:\Users\geehy\AppData\Local\Temp\ccHLDro0.s 			page 16


 291:Library/APM32F10x_StdPeriphDriver/src/apm32f10x_dac.c ****  * @param        wave: Select the wave
 292:Library/APM32F10x_StdPeriphDriver/src/apm32f10x_dac.c ****  *                     This parameter can be one of the following values:
 293:Library/APM32F10x_StdPeriphDriver/src/apm32f10x_dac.c ****  *                     @arg DAC_WAVE_GENERATION_NONE     : no wave generation
 294:Library/APM32F10x_StdPeriphDriver/src/apm32f10x_dac.c ****  *                     @arg DAC_WAVE_GENERATION_NOISE    : Noise wave generation
 295:Library/APM32F10x_StdPeriphDriver/src/apm32f10x_dac.c ****  *                     @arg DAC_WAVE_GENERATION_TRIANGLE : Triangle wave generation
 296:Library/APM32F10x_StdPeriphDriver/src/apm32f10x_dac.c ****  *
 297:Library/APM32F10x_StdPeriphDriver/src/apm32f10x_dac.c ****  * @retval       None
 298:Library/APM32F10x_StdPeriphDriver/src/apm32f10x_dac.c ****  */
 299:Library/APM32F10x_StdPeriphDriver/src/apm32f10x_dac.c **** void DAC_DisableWaveGeneration(DAC_CHANNEL_T channel, DAC_WAVE_GENERATION_T wave)
 300:Library/APM32F10x_StdPeriphDriver/src/apm32f10x_dac.c **** {
 576              		.loc 1 300 1 is_stmt 1 view -0
 577              		.cfi_startproc
 578              		@ args = 0, pretend = 0, frame = 0
 579              		@ frame_needed = 0, uses_anonymous_args = 0
 580              		@ link register save eliminated.
 301:Library/APM32F10x_StdPeriphDriver/src/apm32f10x_dac.c ****     DAC->CTRL &= ~(wave << channel);
 581              		.loc 1 301 5 view .LVU124
 582              		.loc 1 301 15 is_stmt 0 view .LVU125
 583 0000 034A     		ldr	r2, .L55
 584 0002 1368     		ldr	r3, [r2]
 585              		.loc 1 301 25 view .LVU126
 586 0004 8140     		lsls	r1, r1, r0
 587              	.LVL20:
 588              		.loc 1 301 15 view .LVU127
 589 0006 23EA0103 		bic	r3, r3, r1
 590 000a 1360     		str	r3, [r2]
 302:Library/APM32F10x_StdPeriphDriver/src/apm32f10x_dac.c **** }
 591              		.loc 1 302 1 view .LVU128
 592 000c 7047     		bx	lr
 593              	.L56:
 594 000e 00BF     		.align	2
 595              	.L55:
 596 0010 00740040 		.word	1073771520
 597              		.cfi_endproc
 598              	.LFE77:
 600              		.section	.text.DAC_ConfigChannel1Data,"ax",%progbits
 601              		.align	1
 602              		.global	DAC_ConfigChannel1Data
 603              		.syntax unified
 604              		.thumb
 605              		.thumb_func
 607              	DAC_ConfigChannel1Data:
 608              	.LVL21:
 609              	.LFB78:
 303:Library/APM32F10x_StdPeriphDriver/src/apm32f10x_dac.c **** 
 304:Library/APM32F10x_StdPeriphDriver/src/apm32f10x_dac.c **** /*!
 305:Library/APM32F10x_StdPeriphDriver/src/apm32f10x_dac.c ****  * @brief        Set the specified data holding register value for DAC channel 1
 306:Library/APM32F10x_StdPeriphDriver/src/apm32f10x_dac.c ****  *
 307:Library/APM32F10x_StdPeriphDriver/src/apm32f10x_dac.c ****  * @param        align: DAC channel 1 data alignment
 308:Library/APM32F10x_StdPeriphDriver/src/apm32f10x_dac.c ****  *                      This parameter can be one of the following values:
 309:Library/APM32F10x_StdPeriphDriver/src/apm32f10x_dac.c ****  *                      @arg DAC_ALIGN_12BIT_R : 12-bit right-aligned data
 310:Library/APM32F10x_StdPeriphDriver/src/apm32f10x_dac.c ****  *                      @arg DAC_ALIGN_12BIT_L : 12-bit left-aligned data
 311:Library/APM32F10x_StdPeriphDriver/src/apm32f10x_dac.c ****  *                      @arg DAC_ALIGN_8BIT_R  : 8-bit right-aligned data
 312:Library/APM32F10x_StdPeriphDriver/src/apm32f10x_dac.c ****  *
 313:Library/APM32F10x_StdPeriphDriver/src/apm32f10x_dac.c ****  * @param        data: The data to be loaded in the selected data register.
 314:Library/APM32F10x_StdPeriphDriver/src/apm32f10x_dac.c ****  *
 315:Library/APM32F10x_StdPeriphDriver/src/apm32f10x_dac.c ****  * @retval       None
ARM GAS  C:\Users\geehy\AppData\Local\Temp\ccHLDro0.s 			page 17


 316:Library/APM32F10x_StdPeriphDriver/src/apm32f10x_dac.c ****  */
 317:Library/APM32F10x_StdPeriphDriver/src/apm32f10x_dac.c **** void DAC_ConfigChannel1Data(DAC_ALIGN_T align, uint16_t data)
 318:Library/APM32F10x_StdPeriphDriver/src/apm32f10x_dac.c **** {
 610              		.loc 1 318 1 is_stmt 1 view -0
 611              		.cfi_startproc
 612              		@ args = 0, pretend = 0, frame = 8
 613              		@ frame_needed = 0, uses_anonymous_args = 0
 614              		@ link register save eliminated.
 615              		.loc 1 318 1 is_stmt 0 view .LVU130
 616 0000 82B0     		sub	sp, sp, #8
 617              	.LCFI5:
 618              		.cfi_def_cfa_offset 8
 319:Library/APM32F10x_StdPeriphDriver/src/apm32f10x_dac.c ****     __IO uint32_t tmp = 0;
 619              		.loc 1 319 5 is_stmt 1 view .LVU131
 620              		.loc 1 319 19 is_stmt 0 view .LVU132
 621 0002 0023     		movs	r3, #0
 622 0004 0193     		str	r3, [sp, #4]
 320:Library/APM32F10x_StdPeriphDriver/src/apm32f10x_dac.c **** 
 321:Library/APM32F10x_StdPeriphDriver/src/apm32f10x_dac.c ****     tmp = (uint32_t)DAC_BASE;
 623              		.loc 1 321 5 is_stmt 1 view .LVU133
 624              		.loc 1 321 9 is_stmt 0 view .LVU134
 625 0006 054B     		ldr	r3, .L59
 626 0008 0193     		str	r3, [sp, #4]
 322:Library/APM32F10x_StdPeriphDriver/src/apm32f10x_dac.c ****     tmp += 0x00000008 + align;
 627              		.loc 1 322 5 is_stmt 1 view .LVU135
 628              		.loc 1 322 9 is_stmt 0 view .LVU136
 629 000a 019B     		ldr	r3, [sp, #4]
 630 000c 1844     		add	r0, r0, r3
 631              	.LVL22:
 632              		.loc 1 322 9 view .LVU137
 633 000e 0830     		adds	r0, r0, #8
 634 0010 0190     		str	r0, [sp, #4]
 323:Library/APM32F10x_StdPeriphDriver/src/apm32f10x_dac.c **** 
 324:Library/APM32F10x_StdPeriphDriver/src/apm32f10x_dac.c ****     /** Set the DAC channel1 selected data holding register */
 325:Library/APM32F10x_StdPeriphDriver/src/apm32f10x_dac.c ****     *(__IO uint32_t *) tmp = data;
 635              		.loc 1 325 5 is_stmt 1 view .LVU138
 636              		.loc 1 325 6 is_stmt 0 view .LVU139
 637 0012 019B     		ldr	r3, [sp, #4]
 638              		.loc 1 325 28 view .LVU140
 639 0014 1960     		str	r1, [r3]
 326:Library/APM32F10x_StdPeriphDriver/src/apm32f10x_dac.c **** }
 640              		.loc 1 326 1 view .LVU141
 641 0016 02B0     		add	sp, sp, #8
 642              	.LCFI6:
 643              		.cfi_def_cfa_offset 0
 644              		@ sp needed
 645 0018 7047     		bx	lr
 646              	.L60:
 647 001a 00BF     		.align	2
 648              	.L59:
 649 001c 00740040 		.word	1073771520
 650              		.cfi_endproc
 651              	.LFE78:
 653              		.section	.text.DAC_ConfigChannel2Data,"ax",%progbits
 654              		.align	1
 655              		.global	DAC_ConfigChannel2Data
 656              		.syntax unified
ARM GAS  C:\Users\geehy\AppData\Local\Temp\ccHLDro0.s 			page 18


 657              		.thumb
 658              		.thumb_func
 660              	DAC_ConfigChannel2Data:
 661              	.LVL23:
 662              	.LFB79:
 327:Library/APM32F10x_StdPeriphDriver/src/apm32f10x_dac.c **** 
 328:Library/APM32F10x_StdPeriphDriver/src/apm32f10x_dac.c **** /*!
 329:Library/APM32F10x_StdPeriphDriver/src/apm32f10x_dac.c ****  * @brief        Set the specified data holding register value for DAC channel 2
 330:Library/APM32F10x_StdPeriphDriver/src/apm32f10x_dac.c ****  *
 331:Library/APM32F10x_StdPeriphDriver/src/apm32f10x_dac.c ****  * @param        align: DAC channel 2 data alignment
 332:Library/APM32F10x_StdPeriphDriver/src/apm32f10x_dac.c ****  *                      This parameter can be one of the following values:
 333:Library/APM32F10x_StdPeriphDriver/src/apm32f10x_dac.c ****  *                      @arg DAC_ALIGN_12BIT_R : 12-bit right-aligned data
 334:Library/APM32F10x_StdPeriphDriver/src/apm32f10x_dac.c ****  *                      @arg DAC_ALIGN_12BIT_L : 12-bit left-aligned data
 335:Library/APM32F10x_StdPeriphDriver/src/apm32f10x_dac.c ****  *                      @arg DAC_ALIGN_8BIT_R  : 8-bit right-aligned data
 336:Library/APM32F10x_StdPeriphDriver/src/apm32f10x_dac.c ****  *
 337:Library/APM32F10x_StdPeriphDriver/src/apm32f10x_dac.c ****  * @param        data: The data to be loaded in the selected data register.
 338:Library/APM32F10x_StdPeriphDriver/src/apm32f10x_dac.c ****  *
 339:Library/APM32F10x_StdPeriphDriver/src/apm32f10x_dac.c ****  * @retval       None
 340:Library/APM32F10x_StdPeriphDriver/src/apm32f10x_dac.c ****  */
 341:Library/APM32F10x_StdPeriphDriver/src/apm32f10x_dac.c **** void DAC_ConfigChannel2Data(DAC_ALIGN_T align, uint16_t data)
 342:Library/APM32F10x_StdPeriphDriver/src/apm32f10x_dac.c **** {
 663              		.loc 1 342 1 is_stmt 1 view -0
 664              		.cfi_startproc
 665              		@ args = 0, pretend = 0, frame = 8
 666              		@ frame_needed = 0, uses_anonymous_args = 0
 667              		@ link register save eliminated.
 668              		.loc 1 342 1 is_stmt 0 view .LVU143
 669 0000 82B0     		sub	sp, sp, #8
 670              	.LCFI7:
 671              		.cfi_def_cfa_offset 8
 343:Library/APM32F10x_StdPeriphDriver/src/apm32f10x_dac.c ****     __IO uint32_t tmp = 0;
 672              		.loc 1 343 5 is_stmt 1 view .LVU144
 673              		.loc 1 343 19 is_stmt 0 view .LVU145
 674 0002 0023     		movs	r3, #0
 675 0004 0193     		str	r3, [sp, #4]
 344:Library/APM32F10x_StdPeriphDriver/src/apm32f10x_dac.c **** 
 345:Library/APM32F10x_StdPeriphDriver/src/apm32f10x_dac.c ****     tmp = (uint32_t)DAC_BASE;
 676              		.loc 1 345 5 is_stmt 1 view .LVU146
 677              		.loc 1 345 9 is_stmt 0 view .LVU147
 678 0006 054B     		ldr	r3, .L63
 679 0008 0193     		str	r3, [sp, #4]
 346:Library/APM32F10x_StdPeriphDriver/src/apm32f10x_dac.c ****     tmp += 0x00000014 + align;
 680              		.loc 1 346 5 is_stmt 1 view .LVU148
 681              		.loc 1 346 9 is_stmt 0 view .LVU149
 682 000a 019B     		ldr	r3, [sp, #4]
 683 000c 1844     		add	r0, r0, r3
 684              	.LVL24:
 685              		.loc 1 346 9 view .LVU150
 686 000e 1430     		adds	r0, r0, #20
 687 0010 0190     		str	r0, [sp, #4]
 347:Library/APM32F10x_StdPeriphDriver/src/apm32f10x_dac.c **** 
 348:Library/APM32F10x_StdPeriphDriver/src/apm32f10x_dac.c ****     /** Set the DAC channel1 selected data holding register */
 349:Library/APM32F10x_StdPeriphDriver/src/apm32f10x_dac.c ****     *(__IO uint32_t *) tmp = data;
 688              		.loc 1 349 5 is_stmt 1 view .LVU151
 689              		.loc 1 349 6 is_stmt 0 view .LVU152
 690 0012 019B     		ldr	r3, [sp, #4]
 691              		.loc 1 349 28 view .LVU153
ARM GAS  C:\Users\geehy\AppData\Local\Temp\ccHLDro0.s 			page 19


 692 0014 1960     		str	r1, [r3]
 350:Library/APM32F10x_StdPeriphDriver/src/apm32f10x_dac.c **** }
 693              		.loc 1 350 1 view .LVU154
 694 0016 02B0     		add	sp, sp, #8
 695              	.LCFI8:
 696              		.cfi_def_cfa_offset 0
 697              		@ sp needed
 698 0018 7047     		bx	lr
 699              	.L64:
 700 001a 00BF     		.align	2
 701              	.L63:
 702 001c 00740040 		.word	1073771520
 703              		.cfi_endproc
 704              	.LFE79:
 706              		.section	.text.DAC_ConfigDualChannelData,"ax",%progbits
 707              		.align	1
 708              		.global	DAC_ConfigDualChannelData
 709              		.syntax unified
 710              		.thumb
 711              		.thumb_func
 713              	DAC_ConfigDualChannelData:
 714              	.LVL25:
 715              	.LFB80:
 351:Library/APM32F10x_StdPeriphDriver/src/apm32f10x_dac.c **** 
 352:Library/APM32F10x_StdPeriphDriver/src/apm32f10x_dac.c **** /*!
 353:Library/APM32F10x_StdPeriphDriver/src/apm32f10x_dac.c ****  * @brief        Set the specified data holding register value for dual DAC channel
 354:Library/APM32F10x_StdPeriphDriver/src/apm32f10x_dac.c ****  *
 355:Library/APM32F10x_StdPeriphDriver/src/apm32f10x_dac.c ****  * @param        align: Dual DAC channel data alignment
 356:Library/APM32F10x_StdPeriphDriver/src/apm32f10x_dac.c ****  *                      This parameter can be one of the following values:
 357:Library/APM32F10x_StdPeriphDriver/src/apm32f10x_dac.c ****  *                      @arg DAC_ALIGN_12BIT_R : 12-bit right-aligned data
 358:Library/APM32F10x_StdPeriphDriver/src/apm32f10x_dac.c ****  *                      @arg DAC_ALIGN_12BIT_L : 12-bit left-aligned data
 359:Library/APM32F10x_StdPeriphDriver/src/apm32f10x_dac.c ****  *                      @arg DAC_ALIGN_8BIT_R  : 8-bit right-aligned data
 360:Library/APM32F10x_StdPeriphDriver/src/apm32f10x_dac.c ****  *
 361:Library/APM32F10x_StdPeriphDriver/src/apm32f10x_dac.c ****  * @param        data2: Data for channel2 to be loaded in the selected data register.
 362:Library/APM32F10x_StdPeriphDriver/src/apm32f10x_dac.c ****  *
 363:Library/APM32F10x_StdPeriphDriver/src/apm32f10x_dac.c ****  * @param        data1: Data for channel1 to be loaded in the selected data register
 364:Library/APM32F10x_StdPeriphDriver/src/apm32f10x_dac.c ****  *
 365:Library/APM32F10x_StdPeriphDriver/src/apm32f10x_dac.c ****  * @retval       None
 366:Library/APM32F10x_StdPeriphDriver/src/apm32f10x_dac.c ****  */
 367:Library/APM32F10x_StdPeriphDriver/src/apm32f10x_dac.c **** void DAC_ConfigDualChannelData(DAC_ALIGN_T align, uint16_t data2, uint16_t data1)
 368:Library/APM32F10x_StdPeriphDriver/src/apm32f10x_dac.c **** {
 716              		.loc 1 368 1 is_stmt 1 view -0
 717              		.cfi_startproc
 718              		@ args = 0, pretend = 0, frame = 0
 719              		@ frame_needed = 0, uses_anonymous_args = 0
 720              		@ link register save eliminated.
 369:Library/APM32F10x_StdPeriphDriver/src/apm32f10x_dac.c ****     uint32_t data = 0, tmp = 0;
 721              		.loc 1 369 5 view .LVU156
 370:Library/APM32F10x_StdPeriphDriver/src/apm32f10x_dac.c **** 
 371:Library/APM32F10x_StdPeriphDriver/src/apm32f10x_dac.c ****     /** Calculate and set dual DAC data holding register value */
 372:Library/APM32F10x_StdPeriphDriver/src/apm32f10x_dac.c ****     if (align == DAC_ALIGN_8BIT_R)
 722              		.loc 1 372 5 view .LVU157
 723              		.loc 1 372 8 is_stmt 0 view .LVU158
 724 0000 0828     		cmp	r0, #8
 725 0002 04D0     		beq	.L68
 373:Library/APM32F10x_StdPeriphDriver/src/apm32f10x_dac.c ****     {
 374:Library/APM32F10x_StdPeriphDriver/src/apm32f10x_dac.c ****         data = ((uint32_t)data2 << 8) | data1;
ARM GAS  C:\Users\geehy\AppData\Local\Temp\ccHLDro0.s 			page 20


 375:Library/APM32F10x_StdPeriphDriver/src/apm32f10x_dac.c ****     }
 376:Library/APM32F10x_StdPeriphDriver/src/apm32f10x_dac.c ****     else
 377:Library/APM32F10x_StdPeriphDriver/src/apm32f10x_dac.c ****     {
 378:Library/APM32F10x_StdPeriphDriver/src/apm32f10x_dac.c ****         data = ((uint32_t)data2 << 16) | data1;
 726              		.loc 1 378 9 is_stmt 1 view .LVU159
 727              		.loc 1 378 14 is_stmt 0 view .LVU160
 728 0004 42EA0142 		orr	r2, r2, r1, lsl #16
 729              	.LVL26:
 730              	.L67:
 379:Library/APM32F10x_StdPeriphDriver/src/apm32f10x_dac.c ****     }
 380:Library/APM32F10x_StdPeriphDriver/src/apm32f10x_dac.c **** 
 381:Library/APM32F10x_StdPeriphDriver/src/apm32f10x_dac.c ****     tmp = (uint32_t)DAC_BASE;
 731              		.loc 1 381 5 is_stmt 1 view .LVU161
 382:Library/APM32F10x_StdPeriphDriver/src/apm32f10x_dac.c ****     tmp += 0x00000020 + align;
 732              		.loc 1 382 5 view .LVU162
 733              		.loc 1 382 9 is_stmt 0 view .LVU163
 734 0008 024B     		ldr	r3, .L69
 735              	.LVL27:
 383:Library/APM32F10x_StdPeriphDriver/src/apm32f10x_dac.c **** 
 384:Library/APM32F10x_StdPeriphDriver/src/apm32f10x_dac.c ****     /** Set the dual DAC selected data holding register */
 385:Library/APM32F10x_StdPeriphDriver/src/apm32f10x_dac.c ****     *(__IO uint32_t *)tmp = data;
 736              		.loc 1 385 5 is_stmt 1 view .LVU164
 737              		.loc 1 385 27 is_stmt 0 view .LVU165
 738 000a C250     		str	r2, [r0, r3]
 386:Library/APM32F10x_StdPeriphDriver/src/apm32f10x_dac.c **** }
 739              		.loc 1 386 1 view .LVU166
 740 000c 7047     		bx	lr
 741              	.LVL28:
 742              	.L68:
 374:Library/APM32F10x_StdPeriphDriver/src/apm32f10x_dac.c ****     }
 743              		.loc 1 374 9 is_stmt 1 view .LVU167
 374:Library/APM32F10x_StdPeriphDriver/src/apm32f10x_dac.c ****     }
 744              		.loc 1 374 14 is_stmt 0 view .LVU168
 745 000e 42EA0122 		orr	r2, r2, r1, lsl #8
 746              	.LVL29:
 374:Library/APM32F10x_StdPeriphDriver/src/apm32f10x_dac.c ****     }
 747              		.loc 1 374 14 view .LVU169
 748 0012 F9E7     		b	.L67
 749              	.L70:
 750              		.align	2
 751              	.L69:
 752 0014 20740040 		.word	1073771552
 753              		.cfi_endproc
 754              	.LFE80:
 756              		.section	.text.DAC_ReadDataOutputValue,"ax",%progbits
 757              		.align	1
 758              		.global	DAC_ReadDataOutputValue
 759              		.syntax unified
 760              		.thumb
 761              		.thumb_func
 763              	DAC_ReadDataOutputValue:
 764              	.LVL30:
 765              	.LFB81:
 387:Library/APM32F10x_StdPeriphDriver/src/apm32f10x_dac.c **** 
 388:Library/APM32F10x_StdPeriphDriver/src/apm32f10x_dac.c **** /*!
 389:Library/APM32F10x_StdPeriphDriver/src/apm32f10x_dac.c ****  * @brief     Reads the specified DAC channel data output value.
 390:Library/APM32F10x_StdPeriphDriver/src/apm32f10x_dac.c ****  *
ARM GAS  C:\Users\geehy\AppData\Local\Temp\ccHLDro0.s 			page 21


 391:Library/APM32F10x_StdPeriphDriver/src/apm32f10x_dac.c ****  * @param     channel: Select the DAC channel.
 392:Library/APM32F10x_StdPeriphDriver/src/apm32f10x_dac.c ****  *                     This parameter can be one of the following values:
 393:Library/APM32F10x_StdPeriphDriver/src/apm32f10x_dac.c ****  *                     @arg DAC_CHANNEL_1 : DAC channel 1
 394:Library/APM32F10x_StdPeriphDriver/src/apm32f10x_dac.c ****  *                     @arg DAC_CHANNEL_2 : DAC channel 2
 395:Library/APM32F10x_StdPeriphDriver/src/apm32f10x_dac.c ****  *
 396:Library/APM32F10x_StdPeriphDriver/src/apm32f10x_dac.c ****  * @retval    The data output value of the specified DAC channel.
 397:Library/APM32F10x_StdPeriphDriver/src/apm32f10x_dac.c ****  */
 398:Library/APM32F10x_StdPeriphDriver/src/apm32f10x_dac.c **** uint16_t DAC_ReadDataOutputValue(DAC_CHANNEL_T channel)
 399:Library/APM32F10x_StdPeriphDriver/src/apm32f10x_dac.c **** {
 766              		.loc 1 399 1 is_stmt 1 view -0
 767              		.cfi_startproc
 768              		@ args = 0, pretend = 0, frame = 8
 769              		@ frame_needed = 0, uses_anonymous_args = 0
 770              		@ link register save eliminated.
 771              		.loc 1 399 1 is_stmt 0 view .LVU171
 772 0000 82B0     		sub	sp, sp, #8
 773              	.LCFI9:
 774              		.cfi_def_cfa_offset 8
 400:Library/APM32F10x_StdPeriphDriver/src/apm32f10x_dac.c ****     __IO uint32_t tmp = 0;
 775              		.loc 1 400 5 is_stmt 1 view .LVU172
 776              		.loc 1 400 19 is_stmt 0 view .LVU173
 777 0002 0023     		movs	r3, #0
 778 0004 0193     		str	r3, [sp, #4]
 401:Library/APM32F10x_StdPeriphDriver/src/apm32f10x_dac.c **** 
 402:Library/APM32F10x_StdPeriphDriver/src/apm32f10x_dac.c ****     tmp = (uint32_t) DAC_BASE ;
 779              		.loc 1 402 5 is_stmt 1 view .LVU174
 780              		.loc 1 402 9 is_stmt 0 view .LVU175
 781 0006 064B     		ldr	r3, .L73
 782 0008 0193     		str	r3, [sp, #4]
 403:Library/APM32F10x_StdPeriphDriver/src/apm32f10x_dac.c ****     tmp += 0x0000002C + ((uint32_t)channel >> 2);
 783              		.loc 1 403 5 is_stmt 1 view .LVU176
 784              		.loc 1 403 9 is_stmt 0 view .LVU177
 785 000a 019B     		ldr	r3, [sp, #4]
 786 000c 03EB9003 		add	r3, r3, r0, lsr #2
 787 0010 2C33     		adds	r3, r3, #44
 788 0012 0193     		str	r3, [sp, #4]
 404:Library/APM32F10x_StdPeriphDriver/src/apm32f10x_dac.c **** 
 405:Library/APM32F10x_StdPeriphDriver/src/apm32f10x_dac.c ****     /** Returns the DAC channel data output register value */
 406:Library/APM32F10x_StdPeriphDriver/src/apm32f10x_dac.c ****     return (uint16_t) (*(__IO uint32_t*) tmp);
 789              		.loc 1 406 5 is_stmt 1 view .LVU178
 790              		.loc 1 406 25 is_stmt 0 view .LVU179
 791 0014 019B     		ldr	r3, [sp, #4]
 792              		.loc 1 406 24 view .LVU180
 793 0016 1868     		ldr	r0, [r3]
 794              	.LVL31:
 407:Library/APM32F10x_StdPeriphDriver/src/apm32f10x_dac.c **** }
 795              		.loc 1 407 1 view .LVU181
 796 0018 80B2     		uxth	r0, r0
 797 001a 02B0     		add	sp, sp, #8
 798              	.LCFI10:
 799              		.cfi_def_cfa_offset 0
 800              		@ sp needed
 801 001c 7047     		bx	lr
 802              	.L74:
 803 001e 00BF     		.align	2
 804              	.L73:
 805 0020 00740040 		.word	1073771520
ARM GAS  C:\Users\geehy\AppData\Local\Temp\ccHLDro0.s 			page 22


 806              		.cfi_endproc
 807              	.LFE81:
 809              		.text
 810              	.Letext0:
 811              		.file 2 "d:\\program files (x86)\\gnu arm embedded toolchain\\10 2021.10\\arm-none-eabi\\include\\
 812              		.file 3 "d:\\program files (x86)\\gnu arm embedded toolchain\\10 2021.10\\arm-none-eabi\\include\\
 813              		.file 4 "Library/Device/Geehy/APM32F10x/Include/apm32f10x.h"
 814              		.file 5 "Library/APM32F10x_StdPeriphDriver/inc/apm32f10x_dac.h"
 815              		.file 6 "Library/APM32F10x_StdPeriphDriver/inc/apm32f10x_rcm.h"
ARM GAS  C:\Users\geehy\AppData\Local\Temp\ccHLDro0.s 			page 23


DEFINED SYMBOLS
                            *ABS*:00000000 apm32f10x_dac.c
C:\Users\geehy\AppData\Local\Temp\ccHLDro0.s:18     .text.DAC_Reset:00000000 $t
C:\Users\geehy\AppData\Local\Temp\ccHLDro0.s:24     .text.DAC_Reset:00000000 DAC_Reset
C:\Users\geehy\AppData\Local\Temp\ccHLDro0.s:50     .text.DAC_Config:00000000 $t
C:\Users\geehy\AppData\Local\Temp\ccHLDro0.s:56     .text.DAC_Config:00000000 DAC_Config
C:\Users\geehy\AppData\Local\Temp\ccHLDro0.s:119    .text.DAC_Config:00000034 $d
C:\Users\geehy\AppData\Local\Temp\ccHLDro0.s:124    .text.DAC_ConfigStructInit:00000000 $t
C:\Users\geehy\AppData\Local\Temp\ccHLDro0.s:130    .text.DAC_ConfigStructInit:00000000 DAC_ConfigStructInit
C:\Users\geehy\AppData\Local\Temp\ccHLDro0.s:157    .text.DAC_Enable:00000000 $t
C:\Users\geehy\AppData\Local\Temp\ccHLDro0.s:163    .text.DAC_Enable:00000000 DAC_Enable
C:\Users\geehy\AppData\Local\Temp\ccHLDro0.s:201    .text.DAC_Enable:00000020 $d
C:\Users\geehy\AppData\Local\Temp\ccHLDro0.s:206    .text.DAC_Disable:00000000 $t
C:\Users\geehy\AppData\Local\Temp\ccHLDro0.s:212    .text.DAC_Disable:00000000 DAC_Disable
C:\Users\geehy\AppData\Local\Temp\ccHLDro0.s:250    .text.DAC_Disable:00000020 $d
C:\Users\geehy\AppData\Local\Temp\ccHLDro0.s:255    .text.DAC_DMA_Enable:00000000 $t
C:\Users\geehy\AppData\Local\Temp\ccHLDro0.s:261    .text.DAC_DMA_Enable:00000000 DAC_DMA_Enable
C:\Users\geehy\AppData\Local\Temp\ccHLDro0.s:299    .text.DAC_DMA_Enable:00000020 $d
C:\Users\geehy\AppData\Local\Temp\ccHLDro0.s:304    .text.DAC_DMA_Disable:00000000 $t
C:\Users\geehy\AppData\Local\Temp\ccHLDro0.s:310    .text.DAC_DMA_Disable:00000000 DAC_DMA_Disable
C:\Users\geehy\AppData\Local\Temp\ccHLDro0.s:348    .text.DAC_DMA_Disable:00000020 $d
C:\Users\geehy\AppData\Local\Temp\ccHLDro0.s:353    .text.DAC_EnableSoftwareTrigger:00000000 $t
C:\Users\geehy\AppData\Local\Temp\ccHLDro0.s:359    .text.DAC_EnableSoftwareTrigger:00000000 DAC_EnableSoftwareTrigger
C:\Users\geehy\AppData\Local\Temp\ccHLDro0.s:397    .text.DAC_EnableSoftwareTrigger:00000020 $d
C:\Users\geehy\AppData\Local\Temp\ccHLDro0.s:402    .text.DAC_DisableSoftwareTrigger:00000000 $t
C:\Users\geehy\AppData\Local\Temp\ccHLDro0.s:408    .text.DAC_DisableSoftwareTrigger:00000000 DAC_DisableSoftwareTrigger
C:\Users\geehy\AppData\Local\Temp\ccHLDro0.s:446    .text.DAC_DisableSoftwareTrigger:00000020 $d
C:\Users\geehy\AppData\Local\Temp\ccHLDro0.s:451    .text.DAC_EnableDualSoftwareTrigger:00000000 $t
C:\Users\geehy\AppData\Local\Temp\ccHLDro0.s:457    .text.DAC_EnableDualSoftwareTrigger:00000000 DAC_EnableDualSoftwareTrigger
C:\Users\geehy\AppData\Local\Temp\ccHLDro0.s:480    .text.DAC_EnableDualSoftwareTrigger:00000014 $d
C:\Users\geehy\AppData\Local\Temp\ccHLDro0.s:485    .text.DAC_DisableDualSoftwareTrigger:00000000 $t
C:\Users\geehy\AppData\Local\Temp\ccHLDro0.s:491    .text.DAC_DisableDualSoftwareTrigger:00000000 DAC_DisableDualSoftwareTrigger
C:\Users\geehy\AppData\Local\Temp\ccHLDro0.s:514    .text.DAC_DisableDualSoftwareTrigger:00000014 $d
C:\Users\geehy\AppData\Local\Temp\ccHLDro0.s:519    .text.DAC_EnableWaveGeneration:00000000 $t
C:\Users\geehy\AppData\Local\Temp\ccHLDro0.s:525    .text.DAC_EnableWaveGeneration:00000000 DAC_EnableWaveGeneration
C:\Users\geehy\AppData\Local\Temp\ccHLDro0.s:562    .text.DAC_EnableWaveGeneration:00000018 $d
C:\Users\geehy\AppData\Local\Temp\ccHLDro0.s:567    .text.DAC_DisableWaveGeneration:00000000 $t
C:\Users\geehy\AppData\Local\Temp\ccHLDro0.s:573    .text.DAC_DisableWaveGeneration:00000000 DAC_DisableWaveGeneration
C:\Users\geehy\AppData\Local\Temp\ccHLDro0.s:596    .text.DAC_DisableWaveGeneration:00000010 $d
C:\Users\geehy\AppData\Local\Temp\ccHLDro0.s:601    .text.DAC_ConfigChannel1Data:00000000 $t
C:\Users\geehy\AppData\Local\Temp\ccHLDro0.s:607    .text.DAC_ConfigChannel1Data:00000000 DAC_ConfigChannel1Data
C:\Users\geehy\AppData\Local\Temp\ccHLDro0.s:649    .text.DAC_ConfigChannel1Data:0000001c $d
C:\Users\geehy\AppData\Local\Temp\ccHLDro0.s:654    .text.DAC_ConfigChannel2Data:00000000 $t
C:\Users\geehy\AppData\Local\Temp\ccHLDro0.s:660    .text.DAC_ConfigChannel2Data:00000000 DAC_ConfigChannel2Data
C:\Users\geehy\AppData\Local\Temp\ccHLDro0.s:702    .text.DAC_ConfigChannel2Data:0000001c $d
C:\Users\geehy\AppData\Local\Temp\ccHLDro0.s:707    .text.DAC_ConfigDualChannelData:00000000 $t
C:\Users\geehy\AppData\Local\Temp\ccHLDro0.s:713    .text.DAC_ConfigDualChannelData:00000000 DAC_ConfigDualChannelData
C:\Users\geehy\AppData\Local\Temp\ccHLDro0.s:752    .text.DAC_ConfigDualChannelData:00000014 $d
C:\Users\geehy\AppData\Local\Temp\ccHLDro0.s:757    .text.DAC_ReadDataOutputValue:00000000 $t
C:\Users\geehy\AppData\Local\Temp\ccHLDro0.s:763    .text.DAC_ReadDataOutputValue:00000000 DAC_ReadDataOutputValue
C:\Users\geehy\AppData\Local\Temp\ccHLDro0.s:805    .text.DAC_ReadDataOutputValue:00000020 $d

UNDEFINED SYMBOLS
RCM_EnableAPB1PeriphReset
RCM_DisableAPB1PeriphReset
