ARM GAS  C:\Users\geehy\AppData\Local\Temp\ccgTo2IN.s 			page 1


   1              		.cpu cortex-m3
   2              		.arch armv7-m
   3              		.fpu softvfp
   4              		.eabi_attribute 20, 1
   5              		.eabi_attribute 21, 1
   6              		.eabi_attribute 23, 3
   7              		.eabi_attribute 24, 1
   8              		.eabi_attribute 25, 1
   9              		.eabi_attribute 26, 1
  10              		.eabi_attribute 30, 1
  11              		.eabi_attribute 34, 1
  12              		.eabi_attribute 18, 4
  13              		.file	"system_apm32f10x.c"
  14              		.text
  15              	.Ltext0:
  16              		.cfi_sections	.debug_frame
  17              		.section	.text.SystemClock72M,"ax",%progbits
  18              		.align	1
  19              		.syntax unified
  20              		.thumb
  21              		.thumb_func
  23              	SystemClock72M:
  24              	.LFB68:
  25              		.file 1 "Library/Device/Geehy/APM32F10x/Source/system_apm32f10x.c"
   1:Library/Device/Geehy/APM32F10x/Source/system_apm32f10x.c **** /*!
   2:Library/Device/Geehy/APM32F10x/Source/system_apm32f10x.c ****  * @file        system_apm32f10x.c
   3:Library/Device/Geehy/APM32F10x/Source/system_apm32f10x.c ****  *
   4:Library/Device/Geehy/APM32F10x/Source/system_apm32f10x.c ****  * @brief       CMSIS Cortex-M3 Device Peripheral Access Layer System Source File
   5:Library/Device/Geehy/APM32F10x/Source/system_apm32f10x.c ****  *
   6:Library/Device/Geehy/APM32F10x/Source/system_apm32f10x.c ****  * @version     V1.0.2
   7:Library/Device/Geehy/APM32F10x/Source/system_apm32f10x.c ****  *
   8:Library/Device/Geehy/APM32F10x/Source/system_apm32f10x.c ****  * @date        2022-01-05
   9:Library/Device/Geehy/APM32F10x/Source/system_apm32f10x.c ****  *
  10:Library/Device/Geehy/APM32F10x/Source/system_apm32f10x.c ****  * @attention
  11:Library/Device/Geehy/APM32F10x/Source/system_apm32f10x.c ****  *
  12:Library/Device/Geehy/APM32F10x/Source/system_apm32f10x.c ****  *  Copyright (C) 2020-2022 Geehy Semiconductor
  13:Library/Device/Geehy/APM32F10x/Source/system_apm32f10x.c ****  *
  14:Library/Device/Geehy/APM32F10x/Source/system_apm32f10x.c ****  *  You may not use this file except in compliance with the
  15:Library/Device/Geehy/APM32F10x/Source/system_apm32f10x.c ****  *  GEEHY COPYRIGHT NOTICE (GEEHY SOFTWARE PACKAGE LICENSE).
  16:Library/Device/Geehy/APM32F10x/Source/system_apm32f10x.c ****  *
  17:Library/Device/Geehy/APM32F10x/Source/system_apm32f10x.c ****  *  The program is only for reference, which is distributed in the hope
  18:Library/Device/Geehy/APM32F10x/Source/system_apm32f10x.c ****  *  that it will be usefull and instructional for customers to develop
  19:Library/Device/Geehy/APM32F10x/Source/system_apm32f10x.c ****  *  their software. Unless required by applicable law or agreed to in
  20:Library/Device/Geehy/APM32F10x/Source/system_apm32f10x.c ****  *  writing, the program is distributed on an "AS IS" BASIS, WITHOUT
  21:Library/Device/Geehy/APM32F10x/Source/system_apm32f10x.c ****  *  ANY WARRANTY OR CONDITIONS OF ANY KIND, either express or implied.
  22:Library/Device/Geehy/APM32F10x/Source/system_apm32f10x.c ****  *  See the GEEHY SOFTWARE PACKAGE LICENSE for the governing permissions
  23:Library/Device/Geehy/APM32F10x/Source/system_apm32f10x.c ****  *  and limitations under the License.
  24:Library/Device/Geehy/APM32F10x/Source/system_apm32f10x.c ****  */
  25:Library/Device/Geehy/APM32F10x/Source/system_apm32f10x.c **** 
  26:Library/Device/Geehy/APM32F10x/Source/system_apm32f10x.c **** #include "apm32f10x.h"
  27:Library/Device/Geehy/APM32F10x/Source/system_apm32f10x.c **** 
  28:Library/Device/Geehy/APM32F10x/Source/system_apm32f10x.c **** /*****************************************************************
  29:Library/Device/Geehy/APM32F10x/Source/system_apm32f10x.c ****  * If SYSCLK source is PLL,SystemCoreClock will contain the      *
  30:Library/Device/Geehy/APM32F10x/Source/system_apm32f10x.c ****  * HSE_VALUE or HSI_VALUE multiplied/divided by the PLL factors. *
  31:Library/Device/Geehy/APM32F10x/Source/system_apm32f10x.c **** ******************************************************************/
  32:Library/Device/Geehy/APM32F10x/Source/system_apm32f10x.c **** 
  33:Library/Device/Geehy/APM32F10x/Source/system_apm32f10x.c **** //#define SYSTEM_CLOCK_HSE    HSE_VALUE
ARM GAS  C:\Users\geehy\AppData\Local\Temp\ccgTo2IN.s 			page 2


  34:Library/Device/Geehy/APM32F10x/Source/system_apm32f10x.c **** //#define SYSTEM_CLOCK_24MHz  (24000000)
  35:Library/Device/Geehy/APM32F10x/Source/system_apm32f10x.c **** //#define SYSTEM_CLOCK_36MHz  (36000000)
  36:Library/Device/Geehy/APM32F10x/Source/system_apm32f10x.c **** //#define SYSTEM_CLOCK_48MHz  (48000000)
  37:Library/Device/Geehy/APM32F10x/Source/system_apm32f10x.c **** //#define SYSTEM_CLOCK_56MHz  (56000000)
  38:Library/Device/Geehy/APM32F10x/Source/system_apm32f10x.c **** #define SYSTEM_CLOCK_72MHz  (72000000)
  39:Library/Device/Geehy/APM32F10x/Source/system_apm32f10x.c **** //#define SYSTEM_CLOCK_96MHz  (96000000)
  40:Library/Device/Geehy/APM32F10x/Source/system_apm32f10x.c **** 
  41:Library/Device/Geehy/APM32F10x/Source/system_apm32f10x.c **** 
  42:Library/Device/Geehy/APM32F10x/Source/system_apm32f10x.c **** /** #define VECT_TAB_SRAM */
  43:Library/Device/Geehy/APM32F10x/Source/system_apm32f10x.c **** #define VECT_TAB_OFFSET     0x00000
  44:Library/Device/Geehy/APM32F10x/Source/system_apm32f10x.c **** 
  45:Library/Device/Geehy/APM32F10x/Source/system_apm32f10x.c **** #ifdef SYSTEM_CLOCK_HSE
  46:Library/Device/Geehy/APM32F10x/Source/system_apm32f10x.c **** uint32_t SystemCoreClock         = SYSTEM_CLOCK_HSE;
  47:Library/Device/Geehy/APM32F10x/Source/system_apm32f10x.c **** #elif defined SYSTEM_CLOCK_24MHz
  48:Library/Device/Geehy/APM32F10x/Source/system_apm32f10x.c **** uint32_t SystemCoreClock         = SYSTEM_CLOCK_24MHz;
  49:Library/Device/Geehy/APM32F10x/Source/system_apm32f10x.c **** #elif defined SYSTEM_CLOCK_36MHz
  50:Library/Device/Geehy/APM32F10x/Source/system_apm32f10x.c **** uint32_t SystemCoreClock         = SYSTEM_CLOCK_36MHz;
  51:Library/Device/Geehy/APM32F10x/Source/system_apm32f10x.c **** #elif defined SYSTEM_CLOCK_48MHz
  52:Library/Device/Geehy/APM32F10x/Source/system_apm32f10x.c **** uint32_t SystemCoreClock         = SYSTEM_CLOCK_48MHz;
  53:Library/Device/Geehy/APM32F10x/Source/system_apm32f10x.c **** #elif defined SYSTEM_CLOCK_56MHz
  54:Library/Device/Geehy/APM32F10x/Source/system_apm32f10x.c **** uint32_t SystemCoreClock         = SYSTEM_CLOCK_56MHz;
  55:Library/Device/Geehy/APM32F10x/Source/system_apm32f10x.c **** #elif defined SYSTEM_CLOCK_72MHz
  56:Library/Device/Geehy/APM32F10x/Source/system_apm32f10x.c **** uint32_t SystemCoreClock         = SYSTEM_CLOCK_72MHz;
  57:Library/Device/Geehy/APM32F10x/Source/system_apm32f10x.c **** #else
  58:Library/Device/Geehy/APM32F10x/Source/system_apm32f10x.c **** uint32_t SystemCoreClock         = SYSTEM_CLOCK_96MHz;
  59:Library/Device/Geehy/APM32F10x/Source/system_apm32f10x.c **** #endif
  60:Library/Device/Geehy/APM32F10x/Source/system_apm32f10x.c **** 
  61:Library/Device/Geehy/APM32F10x/Source/system_apm32f10x.c **** 
  62:Library/Device/Geehy/APM32F10x/Source/system_apm32f10x.c **** static void SystemClockConfig(void);
  63:Library/Device/Geehy/APM32F10x/Source/system_apm32f10x.c **** 
  64:Library/Device/Geehy/APM32F10x/Source/system_apm32f10x.c **** #ifdef SYSTEM_CLOCK_HSE
  65:Library/Device/Geehy/APM32F10x/Source/system_apm32f10x.c **** static void SystemClockHSE(void);
  66:Library/Device/Geehy/APM32F10x/Source/system_apm32f10x.c **** #elif defined SYSTEM_CLOCK_24MHz
  67:Library/Device/Geehy/APM32F10x/Source/system_apm32f10x.c **** static void SystemClock24M(void);
  68:Library/Device/Geehy/APM32F10x/Source/system_apm32f10x.c **** #elif defined SYSTEM_CLOCK_36MHz
  69:Library/Device/Geehy/APM32F10x/Source/system_apm32f10x.c **** static void SystemClock36M(void);
  70:Library/Device/Geehy/APM32F10x/Source/system_apm32f10x.c **** #elif defined SYSTEM_CLOCK_48MHz
  71:Library/Device/Geehy/APM32F10x/Source/system_apm32f10x.c **** static void SystemClock48M(void);
  72:Library/Device/Geehy/APM32F10x/Source/system_apm32f10x.c **** #elif defined SYSTEM_CLOCK_56MHz
  73:Library/Device/Geehy/APM32F10x/Source/system_apm32f10x.c **** static void SystemClock56M(void);
  74:Library/Device/Geehy/APM32F10x/Source/system_apm32f10x.c **** #elif defined SYSTEM_CLOCK_72MHz
  75:Library/Device/Geehy/APM32F10x/Source/system_apm32f10x.c **** static void SystemClock72M(void);
  76:Library/Device/Geehy/APM32F10x/Source/system_apm32f10x.c **** #elif defined SYSTEM_CLOCK_96MHz
  77:Library/Device/Geehy/APM32F10x/Source/system_apm32f10x.c **** static void SystemClock96M(void);
  78:Library/Device/Geehy/APM32F10x/Source/system_apm32f10x.c **** #endif
  79:Library/Device/Geehy/APM32F10x/Source/system_apm32f10x.c **** 
  80:Library/Device/Geehy/APM32F10x/Source/system_apm32f10x.c **** /*!
  81:Library/Device/Geehy/APM32F10x/Source/system_apm32f10x.c ****  * @brief       Setup the microcontroller system
  82:Library/Device/Geehy/APM32F10x/Source/system_apm32f10x.c ****  *
  83:Library/Device/Geehy/APM32F10x/Source/system_apm32f10x.c ****  * @param       None
  84:Library/Device/Geehy/APM32F10x/Source/system_apm32f10x.c ****  *
  85:Library/Device/Geehy/APM32F10x/Source/system_apm32f10x.c ****  * @retval      None
  86:Library/Device/Geehy/APM32F10x/Source/system_apm32f10x.c ****  *
  87:Library/Device/Geehy/APM32F10x/Source/system_apm32f10x.c ****  */
  88:Library/Device/Geehy/APM32F10x/Source/system_apm32f10x.c **** void SystemInit (void)
  89:Library/Device/Geehy/APM32F10x/Source/system_apm32f10x.c **** {
  90:Library/Device/Geehy/APM32F10x/Source/system_apm32f10x.c ****     /** Set HSIEN bit */
ARM GAS  C:\Users\geehy\AppData\Local\Temp\ccgTo2IN.s 			page 3


  91:Library/Device/Geehy/APM32F10x/Source/system_apm32f10x.c ****     RCM->CTRL_B.HSIEN = BIT_SET;
  92:Library/Device/Geehy/APM32F10x/Source/system_apm32f10x.c ****     /** Reset SCLKSEL, AHBPSC, APB1PSC, APB2PSC, ADCPSC and MCOSEL bits */
  93:Library/Device/Geehy/APM32F10x/Source/system_apm32f10x.c ****     RCM->CFG &= (uint32_t)0xF8FF0000;
  94:Library/Device/Geehy/APM32F10x/Source/system_apm32f10x.c ****     /** Reset HSEEN, CSSEN and PLLEN bits */
  95:Library/Device/Geehy/APM32F10x/Source/system_apm32f10x.c ****     RCM->CTRL &= (uint32_t)0xFEF6FFFF;
  96:Library/Device/Geehy/APM32F10x/Source/system_apm32f10x.c ****     /** Reset HSEBCFG bit */
  97:Library/Device/Geehy/APM32F10x/Source/system_apm32f10x.c ****     RCM->CTRL_B.HSEBCFG = BIT_RESET;
  98:Library/Device/Geehy/APM32F10x/Source/system_apm32f10x.c ****     /** Reset PLLSRCSEL, PLLHSEPSC, PLLMULCFG and USBDIV bits */
  99:Library/Device/Geehy/APM32F10x/Source/system_apm32f10x.c ****     RCM->CFG &= (uint32_t)0xFF80FFFF;
 100:Library/Device/Geehy/APM32F10x/Source/system_apm32f10x.c ****     /** Disable all interrupts and clear pending bits */
 101:Library/Device/Geehy/APM32F10x/Source/system_apm32f10x.c ****     RCM->INT = 0x009F0000;
 102:Library/Device/Geehy/APM32F10x/Source/system_apm32f10x.c **** 
 103:Library/Device/Geehy/APM32F10x/Source/system_apm32f10x.c ****     SystemClockConfig();
 104:Library/Device/Geehy/APM32F10x/Source/system_apm32f10x.c **** 
 105:Library/Device/Geehy/APM32F10x/Source/system_apm32f10x.c **** #ifdef VECT_TAB_SRAM
 106:Library/Device/Geehy/APM32F10x/Source/system_apm32f10x.c ****     SCB->VTOR = SRAM_BASE | VECT_TAB_OFFSET;
 107:Library/Device/Geehy/APM32F10x/Source/system_apm32f10x.c **** #else
 108:Library/Device/Geehy/APM32F10x/Source/system_apm32f10x.c ****     SCB->VTOR = FMC_BASE | VECT_TAB_OFFSET;
 109:Library/Device/Geehy/APM32F10x/Source/system_apm32f10x.c **** #endif
 110:Library/Device/Geehy/APM32F10x/Source/system_apm32f10x.c **** }
 111:Library/Device/Geehy/APM32F10x/Source/system_apm32f10x.c **** 
 112:Library/Device/Geehy/APM32F10x/Source/system_apm32f10x.c **** /*!
 113:Library/Device/Geehy/APM32F10x/Source/system_apm32f10x.c ****  * @brief       Update SystemCoreClock variable according to Clock Register Values
 114:Library/Device/Geehy/APM32F10x/Source/system_apm32f10x.c ****  *              The SystemCoreClock variable contains the core clock (HCLK)
 115:Library/Device/Geehy/APM32F10x/Source/system_apm32f10x.c ****  *
 116:Library/Device/Geehy/APM32F10x/Source/system_apm32f10x.c ****  * @param       None
 117:Library/Device/Geehy/APM32F10x/Source/system_apm32f10x.c ****  *
 118:Library/Device/Geehy/APM32F10x/Source/system_apm32f10x.c ****  * @retval      None
 119:Library/Device/Geehy/APM32F10x/Source/system_apm32f10x.c ****  *
 120:Library/Device/Geehy/APM32F10x/Source/system_apm32f10x.c ****  */
 121:Library/Device/Geehy/APM32F10x/Source/system_apm32f10x.c **** void SystemCoreClockUpdate (void)
 122:Library/Device/Geehy/APM32F10x/Source/system_apm32f10x.c **** {
 123:Library/Device/Geehy/APM32F10x/Source/system_apm32f10x.c ****     uint32_t sysClock, pllMull, pllSource, Prescaler;
 124:Library/Device/Geehy/APM32F10x/Source/system_apm32f10x.c ****     uint8_t AHBPrescTable[16] = {0, 0, 0, 0, 0, 0, 0, 0, 1, 2, 3, 4, 6, 7, 8, 9};
 125:Library/Device/Geehy/APM32F10x/Source/system_apm32f10x.c **** 
 126:Library/Device/Geehy/APM32F10x/Source/system_apm32f10x.c ****     sysClock = RCM->CFG_B.SCLKSELSTS;
 127:Library/Device/Geehy/APM32F10x/Source/system_apm32f10x.c **** 
 128:Library/Device/Geehy/APM32F10x/Source/system_apm32f10x.c ****     switch(sysClock)
 129:Library/Device/Geehy/APM32F10x/Source/system_apm32f10x.c ****     {
 130:Library/Device/Geehy/APM32F10x/Source/system_apm32f10x.c ****         /** sys clock is HSI */
 131:Library/Device/Geehy/APM32F10x/Source/system_apm32f10x.c ****         case 0:
 132:Library/Device/Geehy/APM32F10x/Source/system_apm32f10x.c ****             SystemCoreClock = HSI_VALUE;
 133:Library/Device/Geehy/APM32F10x/Source/system_apm32f10x.c ****         break;
 134:Library/Device/Geehy/APM32F10x/Source/system_apm32f10x.c **** 
 135:Library/Device/Geehy/APM32F10x/Source/system_apm32f10x.c ****         /** sys clock is HSE */
 136:Library/Device/Geehy/APM32F10x/Source/system_apm32f10x.c ****         case 1:
 137:Library/Device/Geehy/APM32F10x/Source/system_apm32f10x.c ****             SystemCoreClock = HSE_VALUE;
 138:Library/Device/Geehy/APM32F10x/Source/system_apm32f10x.c ****         break;
 139:Library/Device/Geehy/APM32F10x/Source/system_apm32f10x.c **** 
 140:Library/Device/Geehy/APM32F10x/Source/system_apm32f10x.c ****         /** sys clock is PLL */
 141:Library/Device/Geehy/APM32F10x/Source/system_apm32f10x.c ****         case 2:
 142:Library/Device/Geehy/APM32F10x/Source/system_apm32f10x.c ****             pllMull = RCM->CFG_B.PLLMULCFG + 2;
 143:Library/Device/Geehy/APM32F10x/Source/system_apm32f10x.c ****             pllSource = RCM->CFG_B.PLLSRCSEL;
 144:Library/Device/Geehy/APM32F10x/Source/system_apm32f10x.c **** 
 145:Library/Device/Geehy/APM32F10x/Source/system_apm32f10x.c ****             /** PLL entry clock source is HSE */
 146:Library/Device/Geehy/APM32F10x/Source/system_apm32f10x.c ****             if(pllSource == BIT_SET)
 147:Library/Device/Geehy/APM32F10x/Source/system_apm32f10x.c ****             {
ARM GAS  C:\Users\geehy\AppData\Local\Temp\ccgTo2IN.s 			page 4


 148:Library/Device/Geehy/APM32F10x/Source/system_apm32f10x.c ****                 SystemCoreClock = HSE_VALUE * pllMull;
 149:Library/Device/Geehy/APM32F10x/Source/system_apm32f10x.c **** 
 150:Library/Device/Geehy/APM32F10x/Source/system_apm32f10x.c ****                 /** HSE clock divided by 2 */
 151:Library/Device/Geehy/APM32F10x/Source/system_apm32f10x.c ****                 if(pllSource == RCM->CFG_B.PLLHSEPSC)
 152:Library/Device/Geehy/APM32F10x/Source/system_apm32f10x.c ****                 {
 153:Library/Device/Geehy/APM32F10x/Source/system_apm32f10x.c ****                     SystemCoreClock >>= 1;
 154:Library/Device/Geehy/APM32F10x/Source/system_apm32f10x.c ****                 }
 155:Library/Device/Geehy/APM32F10x/Source/system_apm32f10x.c ****             }
 156:Library/Device/Geehy/APM32F10x/Source/system_apm32f10x.c ****             /** PLL entry clock source is HSI/2 */
 157:Library/Device/Geehy/APM32F10x/Source/system_apm32f10x.c ****             else
 158:Library/Device/Geehy/APM32F10x/Source/system_apm32f10x.c ****             {
 159:Library/Device/Geehy/APM32F10x/Source/system_apm32f10x.c ****                 SystemCoreClock = (HSI_VALUE >> 1) * pllMull;
 160:Library/Device/Geehy/APM32F10x/Source/system_apm32f10x.c ****             }
 161:Library/Device/Geehy/APM32F10x/Source/system_apm32f10x.c ****             break;
 162:Library/Device/Geehy/APM32F10x/Source/system_apm32f10x.c **** 
 163:Library/Device/Geehy/APM32F10x/Source/system_apm32f10x.c ****         default:
 164:Library/Device/Geehy/APM32F10x/Source/system_apm32f10x.c ****             SystemCoreClock  = HSI_VALUE;
 165:Library/Device/Geehy/APM32F10x/Source/system_apm32f10x.c ****         break;
 166:Library/Device/Geehy/APM32F10x/Source/system_apm32f10x.c ****     }
 167:Library/Device/Geehy/APM32F10x/Source/system_apm32f10x.c **** 
 168:Library/Device/Geehy/APM32F10x/Source/system_apm32f10x.c ****     Prescaler = AHBPrescTable[RCM->CFG_B.AHBPSC];
 169:Library/Device/Geehy/APM32F10x/Source/system_apm32f10x.c ****     SystemCoreClock >>= Prescaler;
 170:Library/Device/Geehy/APM32F10x/Source/system_apm32f10x.c **** }
 171:Library/Device/Geehy/APM32F10x/Source/system_apm32f10x.c **** 
 172:Library/Device/Geehy/APM32F10x/Source/system_apm32f10x.c **** /*!
 173:Library/Device/Geehy/APM32F10x/Source/system_apm32f10x.c ****  * @brief       Configures the System clock frequency, HCLK, PCLK2 and PCLK1 prescalers
 174:Library/Device/Geehy/APM32F10x/Source/system_apm32f10x.c ****  *
 175:Library/Device/Geehy/APM32F10x/Source/system_apm32f10x.c ****  * @param       None
 176:Library/Device/Geehy/APM32F10x/Source/system_apm32f10x.c ****  *
 177:Library/Device/Geehy/APM32F10x/Source/system_apm32f10x.c ****  * @retval      None
 178:Library/Device/Geehy/APM32F10x/Source/system_apm32f10x.c ****  *
 179:Library/Device/Geehy/APM32F10x/Source/system_apm32f10x.c ****  */
 180:Library/Device/Geehy/APM32F10x/Source/system_apm32f10x.c **** static void SystemClockConfig(void)
 181:Library/Device/Geehy/APM32F10x/Source/system_apm32f10x.c **** {
 182:Library/Device/Geehy/APM32F10x/Source/system_apm32f10x.c **** #ifdef SYSTEM_CLOCK_HSE
 183:Library/Device/Geehy/APM32F10x/Source/system_apm32f10x.c ****     SystemClockHSE();
 184:Library/Device/Geehy/APM32F10x/Source/system_apm32f10x.c **** #elif defined SYSTEM_CLOCK_24MHz
 185:Library/Device/Geehy/APM32F10x/Source/system_apm32f10x.c ****     SystemClock24M();
 186:Library/Device/Geehy/APM32F10x/Source/system_apm32f10x.c **** #elif defined SYSTEM_CLOCK_36MHz
 187:Library/Device/Geehy/APM32F10x/Source/system_apm32f10x.c ****     SystemClock36M();
 188:Library/Device/Geehy/APM32F10x/Source/system_apm32f10x.c **** #elif defined SYSTEM_CLOCK_48MHz
 189:Library/Device/Geehy/APM32F10x/Source/system_apm32f10x.c ****     SystemClock48M();
 190:Library/Device/Geehy/APM32F10x/Source/system_apm32f10x.c **** #elif defined SYSTEM_CLOCK_56MHz
 191:Library/Device/Geehy/APM32F10x/Source/system_apm32f10x.c ****     SystemClock56M();
 192:Library/Device/Geehy/APM32F10x/Source/system_apm32f10x.c **** #elif defined SYSTEM_CLOCK_72MHz
 193:Library/Device/Geehy/APM32F10x/Source/system_apm32f10x.c ****     SystemClock72M();
 194:Library/Device/Geehy/APM32F10x/Source/system_apm32f10x.c **** #elif defined SYSTEM_CLOCK_96MHz
 195:Library/Device/Geehy/APM32F10x/Source/system_apm32f10x.c ****     SystemClock96M();
 196:Library/Device/Geehy/APM32F10x/Source/system_apm32f10x.c **** #endif
 197:Library/Device/Geehy/APM32F10x/Source/system_apm32f10x.c **** }
 198:Library/Device/Geehy/APM32F10x/Source/system_apm32f10x.c **** 
 199:Library/Device/Geehy/APM32F10x/Source/system_apm32f10x.c **** #if defined SYSTEM_CLOCK_HSE
 200:Library/Device/Geehy/APM32F10x/Source/system_apm32f10x.c **** /*!
 201:Library/Device/Geehy/APM32F10x/Source/system_apm32f10x.c ****  * @brief       Selects HSE as System clock source and configure HCLK, PCLK2 and PCLK1 prescalers
 202:Library/Device/Geehy/APM32F10x/Source/system_apm32f10x.c ****  *
 203:Library/Device/Geehy/APM32F10x/Source/system_apm32f10x.c ****  * @param       None
 204:Library/Device/Geehy/APM32F10x/Source/system_apm32f10x.c ****  *
ARM GAS  C:\Users\geehy\AppData\Local\Temp\ccgTo2IN.s 			page 5


 205:Library/Device/Geehy/APM32F10x/Source/system_apm32f10x.c ****  * @retval      None
 206:Library/Device/Geehy/APM32F10x/Source/system_apm32f10x.c ****  *
 207:Library/Device/Geehy/APM32F10x/Source/system_apm32f10x.c ****  */
 208:Library/Device/Geehy/APM32F10x/Source/system_apm32f10x.c **** static void SystemClockHSE(void)
 209:Library/Device/Geehy/APM32F10x/Source/system_apm32f10x.c **** {
 210:Library/Device/Geehy/APM32F10x/Source/system_apm32f10x.c ****     __IO uint32_t i;
 211:Library/Device/Geehy/APM32F10x/Source/system_apm32f10x.c **** 
 212:Library/Device/Geehy/APM32F10x/Source/system_apm32f10x.c ****     RCM->CTRL_B.HSEEN= BIT_SET;
 213:Library/Device/Geehy/APM32F10x/Source/system_apm32f10x.c **** 
 214:Library/Device/Geehy/APM32F10x/Source/system_apm32f10x.c ****     for(i = 0; i < HSE_STARTUP_TIMEOUT; i++)
 215:Library/Device/Geehy/APM32F10x/Source/system_apm32f10x.c ****     {
 216:Library/Device/Geehy/APM32F10x/Source/system_apm32f10x.c ****         if(RCM->CTRL_B.HSERDYFLG)
 217:Library/Device/Geehy/APM32F10x/Source/system_apm32f10x.c ****         {
 218:Library/Device/Geehy/APM32F10x/Source/system_apm32f10x.c ****             break;
 219:Library/Device/Geehy/APM32F10x/Source/system_apm32f10x.c ****         }
 220:Library/Device/Geehy/APM32F10x/Source/system_apm32f10x.c ****     }
 221:Library/Device/Geehy/APM32F10x/Source/system_apm32f10x.c **** 
 222:Library/Device/Geehy/APM32F10x/Source/system_apm32f10x.c ****     if(RCM->CTRL_B.HSERDYFLG)
 223:Library/Device/Geehy/APM32F10x/Source/system_apm32f10x.c ****     {
 224:Library/Device/Geehy/APM32F10x/Source/system_apm32f10x.c ****         /** Enable Prefetch Buffer */
 225:Library/Device/Geehy/APM32F10x/Source/system_apm32f10x.c ****         FMC->CTRL1_B.PBEN = BIT_SET;
 226:Library/Device/Geehy/APM32F10x/Source/system_apm32f10x.c ****         /** Flash 0 wait state */
 227:Library/Device/Geehy/APM32F10x/Source/system_apm32f10x.c ****         FMC->CTRL1_B.WS = 0;
 228:Library/Device/Geehy/APM32F10x/Source/system_apm32f10x.c **** 
 229:Library/Device/Geehy/APM32F10x/Source/system_apm32f10x.c ****         /** HCLK = SYSCLK */
 230:Library/Device/Geehy/APM32F10x/Source/system_apm32f10x.c ****         RCM->CFG_B.AHBPSC= 0X00;
 231:Library/Device/Geehy/APM32F10x/Source/system_apm32f10x.c ****         /** PCLK2 = HCLK */
 232:Library/Device/Geehy/APM32F10x/Source/system_apm32f10x.c ****         RCM->CFG_B.APB2PSC= 0;
 233:Library/Device/Geehy/APM32F10x/Source/system_apm32f10x.c ****         /** PCLK1 = HCLK */
 234:Library/Device/Geehy/APM32F10x/Source/system_apm32f10x.c ****         RCM->CFG_B.APB1PSC = 0;
 235:Library/Device/Geehy/APM32F10x/Source/system_apm32f10x.c **** 
 236:Library/Device/Geehy/APM32F10x/Source/system_apm32f10x.c ****         /** Select HSE as system clock source */
 237:Library/Device/Geehy/APM32F10x/Source/system_apm32f10x.c ****         RCM->CFG_B.SCLKSEL = 1;
 238:Library/Device/Geehy/APM32F10x/Source/system_apm32f10x.c **** 
 239:Library/Device/Geehy/APM32F10x/Source/system_apm32f10x.c ****         /** Wait till HSE is used as system clock source */
 240:Library/Device/Geehy/APM32F10x/Source/system_apm32f10x.c ****         while(RCM->CFG_B.SCLKSELSTS!= 0x01);
 241:Library/Device/Geehy/APM32F10x/Source/system_apm32f10x.c ****     }
 242:Library/Device/Geehy/APM32F10x/Source/system_apm32f10x.c **** }
 243:Library/Device/Geehy/APM32F10x/Source/system_apm32f10x.c **** 
 244:Library/Device/Geehy/APM32F10x/Source/system_apm32f10x.c **** 
 245:Library/Device/Geehy/APM32F10x/Source/system_apm32f10x.c **** #elif defined SYSTEM_CLOCK_24MHz
 246:Library/Device/Geehy/APM32F10x/Source/system_apm32f10x.c **** /*!
 247:Library/Device/Geehy/APM32F10x/Source/system_apm32f10x.c ****  * @brief       Sets System clock frequency to 24MHz and configure HCLK, PCLK2 and PCLK1 prescalers
 248:Library/Device/Geehy/APM32F10x/Source/system_apm32f10x.c ****  *
 249:Library/Device/Geehy/APM32F10x/Source/system_apm32f10x.c ****  * @param       None
 250:Library/Device/Geehy/APM32F10x/Source/system_apm32f10x.c ****  *
 251:Library/Device/Geehy/APM32F10x/Source/system_apm32f10x.c ****  * @retval      None
 252:Library/Device/Geehy/APM32F10x/Source/system_apm32f10x.c ****  *
 253:Library/Device/Geehy/APM32F10x/Source/system_apm32f10x.c ****  */
 254:Library/Device/Geehy/APM32F10x/Source/system_apm32f10x.c **** static void SystemClock24M(void)
 255:Library/Device/Geehy/APM32F10x/Source/system_apm32f10x.c **** {
 256:Library/Device/Geehy/APM32F10x/Source/system_apm32f10x.c ****     __IO uint32_t i;
 257:Library/Device/Geehy/APM32F10x/Source/system_apm32f10x.c **** 
 258:Library/Device/Geehy/APM32F10x/Source/system_apm32f10x.c ****     RCM->CTRL_B.HSEEN= BIT_SET;
 259:Library/Device/Geehy/APM32F10x/Source/system_apm32f10x.c **** 
 260:Library/Device/Geehy/APM32F10x/Source/system_apm32f10x.c ****     for(i = 0; i < HSE_STARTUP_TIMEOUT; i++)
 261:Library/Device/Geehy/APM32F10x/Source/system_apm32f10x.c ****     {
ARM GAS  C:\Users\geehy\AppData\Local\Temp\ccgTo2IN.s 			page 6


 262:Library/Device/Geehy/APM32F10x/Source/system_apm32f10x.c ****         if(RCM->CTRL_B.HSERDYFLG)
 263:Library/Device/Geehy/APM32F10x/Source/system_apm32f10x.c ****         {
 264:Library/Device/Geehy/APM32F10x/Source/system_apm32f10x.c ****             break;
 265:Library/Device/Geehy/APM32F10x/Source/system_apm32f10x.c ****         }
 266:Library/Device/Geehy/APM32F10x/Source/system_apm32f10x.c ****     }
 267:Library/Device/Geehy/APM32F10x/Source/system_apm32f10x.c **** 
 268:Library/Device/Geehy/APM32F10x/Source/system_apm32f10x.c ****     if(RCM->CTRL_B.HSERDYFLG)
 269:Library/Device/Geehy/APM32F10x/Source/system_apm32f10x.c ****     {
 270:Library/Device/Geehy/APM32F10x/Source/system_apm32f10x.c ****         /** Enable Prefetch Buffer */
 271:Library/Device/Geehy/APM32F10x/Source/system_apm32f10x.c ****         FMC->CTRL1_B.PBEN = BIT_SET;
 272:Library/Device/Geehy/APM32F10x/Source/system_apm32f10x.c ****         /** Flash 0 wait state */
 273:Library/Device/Geehy/APM32F10x/Source/system_apm32f10x.c ****         FMC->CTRL1_B.WS = 0;
 274:Library/Device/Geehy/APM32F10x/Source/system_apm32f10x.c **** 
 275:Library/Device/Geehy/APM32F10x/Source/system_apm32f10x.c ****         /** HCLK = SYSCLK */
 276:Library/Device/Geehy/APM32F10x/Source/system_apm32f10x.c ****         RCM->CFG_B.AHBPSC= 0X00;
 277:Library/Device/Geehy/APM32F10x/Source/system_apm32f10x.c ****         /** PCLK2 = HCLK */
 278:Library/Device/Geehy/APM32F10x/Source/system_apm32f10x.c ****         RCM->CFG_B.APB2PSC= 0;
 279:Library/Device/Geehy/APM32F10x/Source/system_apm32f10x.c ****         /** PCLK1 = HCLK */
 280:Library/Device/Geehy/APM32F10x/Source/system_apm32f10x.c ****         RCM->CFG_B.APB1PSC = 0;
 281:Library/Device/Geehy/APM32F10x/Source/system_apm32f10x.c **** 
 282:Library/Device/Geehy/APM32F10x/Source/system_apm32f10x.c ****         /** PLL: (HSE / 2) * 6 */
 283:Library/Device/Geehy/APM32F10x/Source/system_apm32f10x.c ****         RCM->CFG_B.PLLSRCSEL = 1;
 284:Library/Device/Geehy/APM32F10x/Source/system_apm32f10x.c ****         RCM->CFG_B.PLLHSEPSC = 1;
 285:Library/Device/Geehy/APM32F10x/Source/system_apm32f10x.c ****         RCM->CFG_B.PLLMULCFG = 4;
 286:Library/Device/Geehy/APM32F10x/Source/system_apm32f10x.c **** 
 287:Library/Device/Geehy/APM32F10x/Source/system_apm32f10x.c ****         /** Enable PLL */
 288:Library/Device/Geehy/APM32F10x/Source/system_apm32f10x.c ****         RCM->CTRL_B.PLLEN = 1;
 289:Library/Device/Geehy/APM32F10x/Source/system_apm32f10x.c ****         /** Wait PLL Ready */
 290:Library/Device/Geehy/APM32F10x/Source/system_apm32f10x.c ****         while(RCM->CTRL_B.PLLRDYFLG == BIT_RESET);
 291:Library/Device/Geehy/APM32F10x/Source/system_apm32f10x.c **** 
 292:Library/Device/Geehy/APM32F10x/Source/system_apm32f10x.c ****         /** Select PLL as system clock source */
 293:Library/Device/Geehy/APM32F10x/Source/system_apm32f10x.c ****         RCM->CFG_B.SCLKSEL = 2;
 294:Library/Device/Geehy/APM32F10x/Source/system_apm32f10x.c ****         /** Wait till PLL is used as system clock source */
 295:Library/Device/Geehy/APM32F10x/Source/system_apm32f10x.c ****         while(RCM->CFG_B.SCLKSELSTS!= 0x02);
 296:Library/Device/Geehy/APM32F10x/Source/system_apm32f10x.c ****     }
 297:Library/Device/Geehy/APM32F10x/Source/system_apm32f10x.c **** }
 298:Library/Device/Geehy/APM32F10x/Source/system_apm32f10x.c **** 
 299:Library/Device/Geehy/APM32F10x/Source/system_apm32f10x.c **** #elif defined SYSTEM_CLOCK_36MHz
 300:Library/Device/Geehy/APM32F10x/Source/system_apm32f10x.c **** /*!
 301:Library/Device/Geehy/APM32F10x/Source/system_apm32f10x.c ****  * @brief       Sets System clock frequency to 36MHz and configure HCLK, PCLK2 and PCLK1 prescalers
 302:Library/Device/Geehy/APM32F10x/Source/system_apm32f10x.c ****  *
 303:Library/Device/Geehy/APM32F10x/Source/system_apm32f10x.c ****  * @param       None
 304:Library/Device/Geehy/APM32F10x/Source/system_apm32f10x.c ****  *
 305:Library/Device/Geehy/APM32F10x/Source/system_apm32f10x.c ****  * @retval      None
 306:Library/Device/Geehy/APM32F10x/Source/system_apm32f10x.c ****  *
 307:Library/Device/Geehy/APM32F10x/Source/system_apm32f10x.c ****  */
 308:Library/Device/Geehy/APM32F10x/Source/system_apm32f10x.c **** static void SystemClock36M(void)
 309:Library/Device/Geehy/APM32F10x/Source/system_apm32f10x.c **** {
 310:Library/Device/Geehy/APM32F10x/Source/system_apm32f10x.c ****     __IO uint32_t i;
 311:Library/Device/Geehy/APM32F10x/Source/system_apm32f10x.c **** 
 312:Library/Device/Geehy/APM32F10x/Source/system_apm32f10x.c ****     RCM->CTRL_B.HSEEN= BIT_SET;
 313:Library/Device/Geehy/APM32F10x/Source/system_apm32f10x.c **** 
 314:Library/Device/Geehy/APM32F10x/Source/system_apm32f10x.c ****     for(i = 0; i < HSE_STARTUP_TIMEOUT; i++)
 315:Library/Device/Geehy/APM32F10x/Source/system_apm32f10x.c ****     {
 316:Library/Device/Geehy/APM32F10x/Source/system_apm32f10x.c ****         if(RCM->CTRL_B.HSERDYFLG)
 317:Library/Device/Geehy/APM32F10x/Source/system_apm32f10x.c ****         {
 318:Library/Device/Geehy/APM32F10x/Source/system_apm32f10x.c ****             break;
ARM GAS  C:\Users\geehy\AppData\Local\Temp\ccgTo2IN.s 			page 7


 319:Library/Device/Geehy/APM32F10x/Source/system_apm32f10x.c ****         }
 320:Library/Device/Geehy/APM32F10x/Source/system_apm32f10x.c ****     }
 321:Library/Device/Geehy/APM32F10x/Source/system_apm32f10x.c **** 
 322:Library/Device/Geehy/APM32F10x/Source/system_apm32f10x.c ****     if(RCM->CTRL_B.HSERDYFLG)
 323:Library/Device/Geehy/APM32F10x/Source/system_apm32f10x.c ****     {
 324:Library/Device/Geehy/APM32F10x/Source/system_apm32f10x.c ****         /** Enable Prefetch Buffer */
 325:Library/Device/Geehy/APM32F10x/Source/system_apm32f10x.c ****         FMC->CTRL1_B.PBEN = BIT_SET;
 326:Library/Device/Geehy/APM32F10x/Source/system_apm32f10x.c ****         /** Flash 1 wait state */
 327:Library/Device/Geehy/APM32F10x/Source/system_apm32f10x.c ****         FMC->CTRL1_B.WS = 1;
 328:Library/Device/Geehy/APM32F10x/Source/system_apm32f10x.c **** 
 329:Library/Device/Geehy/APM32F10x/Source/system_apm32f10x.c ****         /** HCLK = SYSCLK */
 330:Library/Device/Geehy/APM32F10x/Source/system_apm32f10x.c ****         RCM->CFG_B.AHBPSC= 0X00;
 331:Library/Device/Geehy/APM32F10x/Source/system_apm32f10x.c ****         /** PCLK2 = HCLK */
 332:Library/Device/Geehy/APM32F10x/Source/system_apm32f10x.c ****         RCM->CFG_B.APB2PSC= 0;
 333:Library/Device/Geehy/APM32F10x/Source/system_apm32f10x.c ****         /** PCLK1 = HCLK */
 334:Library/Device/Geehy/APM32F10x/Source/system_apm32f10x.c ****         RCM->CFG_B.APB1PSC = 0;
 335:Library/Device/Geehy/APM32F10x/Source/system_apm32f10x.c **** 
 336:Library/Device/Geehy/APM32F10x/Source/system_apm32f10x.c ****         /** PLL: (HSE / 2) * 9 */
 337:Library/Device/Geehy/APM32F10x/Source/system_apm32f10x.c ****         RCM->CFG_B.PLLSRCSEL = 1;
 338:Library/Device/Geehy/APM32F10x/Source/system_apm32f10x.c ****         RCM->CFG_B.PLLHSEPSC = 1;
 339:Library/Device/Geehy/APM32F10x/Source/system_apm32f10x.c ****         RCM->CFG_B.PLLMULCFG = 7;
 340:Library/Device/Geehy/APM32F10x/Source/system_apm32f10x.c **** 
 341:Library/Device/Geehy/APM32F10x/Source/system_apm32f10x.c ****         /** Enable PLL */
 342:Library/Device/Geehy/APM32F10x/Source/system_apm32f10x.c ****         RCM->CTRL_B.PLLEN = 1;
 343:Library/Device/Geehy/APM32F10x/Source/system_apm32f10x.c ****         /** Wait PLL Ready */
 344:Library/Device/Geehy/APM32F10x/Source/system_apm32f10x.c ****         while(RCM->CTRL_B.PLLRDYFLG == BIT_RESET);
 345:Library/Device/Geehy/APM32F10x/Source/system_apm32f10x.c **** 
 346:Library/Device/Geehy/APM32F10x/Source/system_apm32f10x.c ****         /** Select PLL as system clock source */
 347:Library/Device/Geehy/APM32F10x/Source/system_apm32f10x.c ****         RCM->CFG_B.SCLKSEL = 2;
 348:Library/Device/Geehy/APM32F10x/Source/system_apm32f10x.c ****         /** Wait till PLL is used as system clock source */
 349:Library/Device/Geehy/APM32F10x/Source/system_apm32f10x.c ****         while(RCM->CFG_B.SCLKSELSTS != 0x02);
 350:Library/Device/Geehy/APM32F10x/Source/system_apm32f10x.c ****     }
 351:Library/Device/Geehy/APM32F10x/Source/system_apm32f10x.c **** }
 352:Library/Device/Geehy/APM32F10x/Source/system_apm32f10x.c **** 
 353:Library/Device/Geehy/APM32F10x/Source/system_apm32f10x.c **** #elif defined SYSTEM_CLOCK_48MHz
 354:Library/Device/Geehy/APM32F10x/Source/system_apm32f10x.c **** /*!
 355:Library/Device/Geehy/APM32F10x/Source/system_apm32f10x.c ****  * @brief       Sets System clock frequency to 46MHz and configure HCLK, PCLK2 and PCLK1 prescalers
 356:Library/Device/Geehy/APM32F10x/Source/system_apm32f10x.c ****  *
 357:Library/Device/Geehy/APM32F10x/Source/system_apm32f10x.c ****  * @param       None
 358:Library/Device/Geehy/APM32F10x/Source/system_apm32f10x.c ****  *
 359:Library/Device/Geehy/APM32F10x/Source/system_apm32f10x.c ****  * @retval      None
 360:Library/Device/Geehy/APM32F10x/Source/system_apm32f10x.c ****  *
 361:Library/Device/Geehy/APM32F10x/Source/system_apm32f10x.c ****  */
 362:Library/Device/Geehy/APM32F10x/Source/system_apm32f10x.c **** static void SystemClock48M(void)
 363:Library/Device/Geehy/APM32F10x/Source/system_apm32f10x.c **** {
 364:Library/Device/Geehy/APM32F10x/Source/system_apm32f10x.c ****     __IO uint32_t i;
 365:Library/Device/Geehy/APM32F10x/Source/system_apm32f10x.c **** 
 366:Library/Device/Geehy/APM32F10x/Source/system_apm32f10x.c ****     RCM->CTRL_B.HSEEN= BIT_SET;
 367:Library/Device/Geehy/APM32F10x/Source/system_apm32f10x.c **** 
 368:Library/Device/Geehy/APM32F10x/Source/system_apm32f10x.c ****     for(i = 0; i < HSE_STARTUP_TIMEOUT; i++)
 369:Library/Device/Geehy/APM32F10x/Source/system_apm32f10x.c ****     {
 370:Library/Device/Geehy/APM32F10x/Source/system_apm32f10x.c ****         if(RCM->CTRL_B.HSERDYFLG)
 371:Library/Device/Geehy/APM32F10x/Source/system_apm32f10x.c ****         {
 372:Library/Device/Geehy/APM32F10x/Source/system_apm32f10x.c ****             break;
 373:Library/Device/Geehy/APM32F10x/Source/system_apm32f10x.c ****         }
 374:Library/Device/Geehy/APM32F10x/Source/system_apm32f10x.c ****     }
 375:Library/Device/Geehy/APM32F10x/Source/system_apm32f10x.c **** 
ARM GAS  C:\Users\geehy\AppData\Local\Temp\ccgTo2IN.s 			page 8


 376:Library/Device/Geehy/APM32F10x/Source/system_apm32f10x.c ****     if(RCM->CTRL_B.HSERDYFLG)
 377:Library/Device/Geehy/APM32F10x/Source/system_apm32f10x.c ****     {
 378:Library/Device/Geehy/APM32F10x/Source/system_apm32f10x.c ****         /** Enable Prefetch Buffer */
 379:Library/Device/Geehy/APM32F10x/Source/system_apm32f10x.c ****         FMC->CTRL1_B.PBEN = BIT_SET;
 380:Library/Device/Geehy/APM32F10x/Source/system_apm32f10x.c ****         /** Flash 1 wait state */
 381:Library/Device/Geehy/APM32F10x/Source/system_apm32f10x.c ****         FMC->CTRL1_B.WS = 1;
 382:Library/Device/Geehy/APM32F10x/Source/system_apm32f10x.c **** 
 383:Library/Device/Geehy/APM32F10x/Source/system_apm32f10x.c ****         /** HCLK = SYSCLK */
 384:Library/Device/Geehy/APM32F10x/Source/system_apm32f10x.c ****         RCM->CFG_B.AHBPSC= 0X00;
 385:Library/Device/Geehy/APM32F10x/Source/system_apm32f10x.c ****         /** PCLK2 = HCLK */
 386:Library/Device/Geehy/APM32F10x/Source/system_apm32f10x.c ****         RCM->CFG_B.APB2PSC= 0;
 387:Library/Device/Geehy/APM32F10x/Source/system_apm32f10x.c ****         /** PCLK1 = HCLK / 2 */
 388:Library/Device/Geehy/APM32F10x/Source/system_apm32f10x.c ****         RCM->CFG_B.APB1PSC = 4;
 389:Library/Device/Geehy/APM32F10x/Source/system_apm32f10x.c **** 
 390:Library/Device/Geehy/APM32F10x/Source/system_apm32f10x.c ****         /** PLL: HSE * 6 */
 391:Library/Device/Geehy/APM32F10x/Source/system_apm32f10x.c ****         RCM->CFG_B.PLLSRCSEL = 1;
 392:Library/Device/Geehy/APM32F10x/Source/system_apm32f10x.c ****         RCM->CFG_B.PLLMULCFG = 4;
 393:Library/Device/Geehy/APM32F10x/Source/system_apm32f10x.c **** 
 394:Library/Device/Geehy/APM32F10x/Source/system_apm32f10x.c ****         /** Enable PLL */
 395:Library/Device/Geehy/APM32F10x/Source/system_apm32f10x.c ****         RCM->CTRL_B.PLLEN = 1;
 396:Library/Device/Geehy/APM32F10x/Source/system_apm32f10x.c ****         /** Wait PLL Ready */
 397:Library/Device/Geehy/APM32F10x/Source/system_apm32f10x.c ****         while(RCM->CTRL_B.PLLRDYFLG == BIT_RESET);
 398:Library/Device/Geehy/APM32F10x/Source/system_apm32f10x.c **** 
 399:Library/Device/Geehy/APM32F10x/Source/system_apm32f10x.c ****         /** Select PLL as system clock source */
 400:Library/Device/Geehy/APM32F10x/Source/system_apm32f10x.c ****         RCM->CFG_B.SCLKSEL = 2;
 401:Library/Device/Geehy/APM32F10x/Source/system_apm32f10x.c ****         /** Wait till PLL is used as system clock source */
 402:Library/Device/Geehy/APM32F10x/Source/system_apm32f10x.c ****         while(RCM->CFG_B.SCLKSELSTS!= 0x02);
 403:Library/Device/Geehy/APM32F10x/Source/system_apm32f10x.c ****     }
 404:Library/Device/Geehy/APM32F10x/Source/system_apm32f10x.c **** }
 405:Library/Device/Geehy/APM32F10x/Source/system_apm32f10x.c **** 
 406:Library/Device/Geehy/APM32F10x/Source/system_apm32f10x.c **** #elif defined SYSTEM_CLOCK_56MHz
 407:Library/Device/Geehy/APM32F10x/Source/system_apm32f10x.c **** /*!
 408:Library/Device/Geehy/APM32F10x/Source/system_apm32f10x.c ****  * @brief       Sets System clock frequency to 56MHz and configure HCLK, PCLK2 and PCLK1 prescalers
 409:Library/Device/Geehy/APM32F10x/Source/system_apm32f10x.c ****  *
 410:Library/Device/Geehy/APM32F10x/Source/system_apm32f10x.c ****  * @param       None
 411:Library/Device/Geehy/APM32F10x/Source/system_apm32f10x.c ****  *
 412:Library/Device/Geehy/APM32F10x/Source/system_apm32f10x.c ****  * @retval      None
 413:Library/Device/Geehy/APM32F10x/Source/system_apm32f10x.c ****  *
 414:Library/Device/Geehy/APM32F10x/Source/system_apm32f10x.c ****  */
 415:Library/Device/Geehy/APM32F10x/Source/system_apm32f10x.c **** static void SystemClock56M(void)
 416:Library/Device/Geehy/APM32F10x/Source/system_apm32f10x.c **** {
 417:Library/Device/Geehy/APM32F10x/Source/system_apm32f10x.c ****     __IO uint32_t i;
 418:Library/Device/Geehy/APM32F10x/Source/system_apm32f10x.c **** 
 419:Library/Device/Geehy/APM32F10x/Source/system_apm32f10x.c ****     RCM->CTRL_B.HSEEN= BIT_SET;
 420:Library/Device/Geehy/APM32F10x/Source/system_apm32f10x.c **** 
 421:Library/Device/Geehy/APM32F10x/Source/system_apm32f10x.c ****     for(i = 0; i < HSE_STARTUP_TIMEOUT; i++)
 422:Library/Device/Geehy/APM32F10x/Source/system_apm32f10x.c ****     {
 423:Library/Device/Geehy/APM32F10x/Source/system_apm32f10x.c ****         if(RCM->CTRL_B.HSERDYFLG)
 424:Library/Device/Geehy/APM32F10x/Source/system_apm32f10x.c ****         {
 425:Library/Device/Geehy/APM32F10x/Source/system_apm32f10x.c ****             break;
 426:Library/Device/Geehy/APM32F10x/Source/system_apm32f10x.c ****         }
 427:Library/Device/Geehy/APM32F10x/Source/system_apm32f10x.c ****     }
 428:Library/Device/Geehy/APM32F10x/Source/system_apm32f10x.c **** 
 429:Library/Device/Geehy/APM32F10x/Source/system_apm32f10x.c ****     if(RCM->CTRL_B.HSERDYFLG)
 430:Library/Device/Geehy/APM32F10x/Source/system_apm32f10x.c ****     {
 431:Library/Device/Geehy/APM32F10x/Source/system_apm32f10x.c ****         /** Enable Prefetch Buffer */
 432:Library/Device/Geehy/APM32F10x/Source/system_apm32f10x.c ****         FMC->CTRL1_B.PBEN = BIT_SET;
ARM GAS  C:\Users\geehy\AppData\Local\Temp\ccgTo2IN.s 			page 9


 433:Library/Device/Geehy/APM32F10x/Source/system_apm32f10x.c ****         /** Flash 2 wait state */
 434:Library/Device/Geehy/APM32F10x/Source/system_apm32f10x.c ****         FMC->CTRL1_B.WS = 2;
 435:Library/Device/Geehy/APM32F10x/Source/system_apm32f10x.c **** 
 436:Library/Device/Geehy/APM32F10x/Source/system_apm32f10x.c ****         /** HCLK = SYSCLK */
 437:Library/Device/Geehy/APM32F10x/Source/system_apm32f10x.c ****         RCM->CFG_B.AHBPSC= 0X00;
 438:Library/Device/Geehy/APM32F10x/Source/system_apm32f10x.c ****         /** PCLK2 = HCLK */
 439:Library/Device/Geehy/APM32F10x/Source/system_apm32f10x.c ****         RCM->CFG_B.APB2PSC= 0;
 440:Library/Device/Geehy/APM32F10x/Source/system_apm32f10x.c ****         /** PCLK1 = HCLK / 2 */
 441:Library/Device/Geehy/APM32F10x/Source/system_apm32f10x.c ****         RCM->CFG_B.APB1PSC = 4;
 442:Library/Device/Geehy/APM32F10x/Source/system_apm32f10x.c **** 
 443:Library/Device/Geehy/APM32F10x/Source/system_apm32f10x.c ****         /** PLL: HSE * 7 */
 444:Library/Device/Geehy/APM32F10x/Source/system_apm32f10x.c ****         RCM->CFG_B.PLLSRCSEL = 1;
 445:Library/Device/Geehy/APM32F10x/Source/system_apm32f10x.c ****         RCM->CFG_B.PLLMULCFG = 5;
 446:Library/Device/Geehy/APM32F10x/Source/system_apm32f10x.c **** 
 447:Library/Device/Geehy/APM32F10x/Source/system_apm32f10x.c ****         /** Enable PLL */
 448:Library/Device/Geehy/APM32F10x/Source/system_apm32f10x.c ****         RCM->CTRL_B.PLLEN = 1;
 449:Library/Device/Geehy/APM32F10x/Source/system_apm32f10x.c ****         /** Wait PLL Ready */
 450:Library/Device/Geehy/APM32F10x/Source/system_apm32f10x.c ****         while(RCM->CTRL_B.PLLRDYFLG == BIT_RESET);
 451:Library/Device/Geehy/APM32F10x/Source/system_apm32f10x.c **** 
 452:Library/Device/Geehy/APM32F10x/Source/system_apm32f10x.c ****         /** Select PLL as system clock source */
 453:Library/Device/Geehy/APM32F10x/Source/system_apm32f10x.c ****         RCM->CFG_B.SCLKSEL = 2;
 454:Library/Device/Geehy/APM32F10x/Source/system_apm32f10x.c ****         /** Wait till PLL is used as system clock source */
 455:Library/Device/Geehy/APM32F10x/Source/system_apm32f10x.c ****         while(RCM->CFG_B.SCLKSELSTS!= 0x02);
 456:Library/Device/Geehy/APM32F10x/Source/system_apm32f10x.c ****     }
 457:Library/Device/Geehy/APM32F10x/Source/system_apm32f10x.c **** }
 458:Library/Device/Geehy/APM32F10x/Source/system_apm32f10x.c **** 
 459:Library/Device/Geehy/APM32F10x/Source/system_apm32f10x.c **** #elif defined SYSTEM_CLOCK_72MHz
 460:Library/Device/Geehy/APM32F10x/Source/system_apm32f10x.c **** /*!
 461:Library/Device/Geehy/APM32F10x/Source/system_apm32f10x.c ****  * @brief       Sets System clock frequency to 72MHz and configure HCLK, PCLK2 and PCLK1 prescalers
 462:Library/Device/Geehy/APM32F10x/Source/system_apm32f10x.c ****  *
 463:Library/Device/Geehy/APM32F10x/Source/system_apm32f10x.c ****  * @param       None
 464:Library/Device/Geehy/APM32F10x/Source/system_apm32f10x.c ****  *
 465:Library/Device/Geehy/APM32F10x/Source/system_apm32f10x.c ****  * @retval      None
 466:Library/Device/Geehy/APM32F10x/Source/system_apm32f10x.c ****  *
 467:Library/Device/Geehy/APM32F10x/Source/system_apm32f10x.c ****  */
 468:Library/Device/Geehy/APM32F10x/Source/system_apm32f10x.c **** static void SystemClock72M(void)
 469:Library/Device/Geehy/APM32F10x/Source/system_apm32f10x.c **** {
  26              		.loc 1 469 1 view -0
  27              		.cfi_startproc
  28              		@ args = 0, pretend = 0, frame = 8
  29              		@ frame_needed = 0, uses_anonymous_args = 0
  30              		@ link register save eliminated.
  31 0000 82B0     		sub	sp, sp, #8
  32              	.LCFI0:
  33              		.cfi_def_cfa_offset 8
 470:Library/Device/Geehy/APM32F10x/Source/system_apm32f10x.c ****     __IO uint32_t i;
  34              		.loc 1 470 5 view .LVU1
 471:Library/Device/Geehy/APM32F10x/Source/system_apm32f10x.c **** 
 472:Library/Device/Geehy/APM32F10x/Source/system_apm32f10x.c ****     RCM->CTRL_B.HSEEN= BIT_SET;
  35              		.loc 1 472 5 view .LVU2
  36              		.loc 1 472 22 is_stmt 0 view .LVU3
  37 0002 294A     		ldr	r2, .L10
  38 0004 1368     		ldr	r3, [r2]
  39 0006 43F48033 		orr	r3, r3, #65536
  40 000a 1360     		str	r3, [r2]
 473:Library/Device/Geehy/APM32F10x/Source/system_apm32f10x.c **** 
 474:Library/Device/Geehy/APM32F10x/Source/system_apm32f10x.c ****     for(i = 0; i < HSE_STARTUP_TIMEOUT; i++)
ARM GAS  C:\Users\geehy\AppData\Local\Temp\ccgTo2IN.s 			page 10


  41              		.loc 1 474 5 is_stmt 1 view .LVU4
  42              		.loc 1 474 11 is_stmt 0 view .LVU5
  43 000c 0023     		movs	r3, #0
  44 000e 0193     		str	r3, [sp, #4]
  45              		.loc 1 474 5 view .LVU6
  46 0010 02E0     		b	.L2
  47              	.L9:
  48              		.loc 1 474 41 is_stmt 1 discriminator 2 view .LVU7
  49              		.loc 1 474 42 is_stmt 0 discriminator 2 view .LVU8
  50 0012 019B     		ldr	r3, [sp, #4]
  51 0014 0133     		adds	r3, r3, #1
  52 0016 0193     		str	r3, [sp, #4]
  53              	.L2:
  54              		.loc 1 474 16 is_stmt 1 discriminator 1 view .LVU9
  55              		.loc 1 474 18 is_stmt 0 discriminator 1 view .LVU10
  56 0018 019B     		ldr	r3, [sp, #4]
  57              		.loc 1 474 5 discriminator 1 view .LVU11
  58 001a B3F5A04F 		cmp	r3, #20480
  59 001e 04D2     		bcs	.L3
 475:Library/Device/Geehy/APM32F10x/Source/system_apm32f10x.c ****     {
 476:Library/Device/Geehy/APM32F10x/Source/system_apm32f10x.c ****         if(RCM->CTRL_B.HSERDYFLG)
  60              		.loc 1 476 9 is_stmt 1 view .LVU12
  61              		.loc 1 476 23 is_stmt 0 view .LVU13
  62 0020 214B     		ldr	r3, .L10
  63 0022 1B68     		ldr	r3, [r3]
  64              		.loc 1 476 11 view .LVU14
  65 0024 13F4003F 		tst	r3, #131072
  66 0028 F3D0     		beq	.L9
  67              	.L3:
 477:Library/Device/Geehy/APM32F10x/Source/system_apm32f10x.c ****         {
 478:Library/Device/Geehy/APM32F10x/Source/system_apm32f10x.c ****             break;
 479:Library/Device/Geehy/APM32F10x/Source/system_apm32f10x.c ****         }
 480:Library/Device/Geehy/APM32F10x/Source/system_apm32f10x.c ****     }
 481:Library/Device/Geehy/APM32F10x/Source/system_apm32f10x.c **** 
 482:Library/Device/Geehy/APM32F10x/Source/system_apm32f10x.c ****     if(RCM->CTRL_B.HSERDYFLG)
  68              		.loc 1 482 5 is_stmt 1 view .LVU15
  69              		.loc 1 482 19 is_stmt 0 view .LVU16
  70 002a 1F4B     		ldr	r3, .L10
  71 002c 1B68     		ldr	r3, [r3]
  72              		.loc 1 482 7 view .LVU17
  73 002e 13F4003F 		tst	r3, #131072
  74 0032 36D0     		beq	.L1
 483:Library/Device/Geehy/APM32F10x/Source/system_apm32f10x.c ****     {
 484:Library/Device/Geehy/APM32F10x/Source/system_apm32f10x.c ****         /** Enable Prefetch Buffer */
 485:Library/Device/Geehy/APM32F10x/Source/system_apm32f10x.c ****         FMC->CTRL1_B.PBEN = BIT_SET;
  75              		.loc 1 485 9 is_stmt 1 view .LVU18
  76              		.loc 1 485 27 is_stmt 0 view .LVU19
  77 0034 1D4B     		ldr	r3, .L10+4
  78 0036 1A68     		ldr	r2, [r3]
  79 0038 42F01002 		orr	r2, r2, #16
  80 003c 1A60     		str	r2, [r3]
 486:Library/Device/Geehy/APM32F10x/Source/system_apm32f10x.c ****         /** Flash 2 wait state */
 487:Library/Device/Geehy/APM32F10x/Source/system_apm32f10x.c ****         FMC->CTRL1_B.WS = 2;
  81              		.loc 1 487 9 is_stmt 1 view .LVU20
  82              		.loc 1 487 25 is_stmt 0 view .LVU21
  83 003e 1A68     		ldr	r2, [r3]
  84 0040 0221     		movs	r1, #2
ARM GAS  C:\Users\geehy\AppData\Local\Temp\ccgTo2IN.s 			page 11


  85 0042 61F30202 		bfi	r2, r1, #0, #3
  86 0046 1A60     		str	r2, [r3]
 488:Library/Device/Geehy/APM32F10x/Source/system_apm32f10x.c **** 
 489:Library/Device/Geehy/APM32F10x/Source/system_apm32f10x.c ****         /** HCLK = SYSCLK */
 490:Library/Device/Geehy/APM32F10x/Source/system_apm32f10x.c ****         RCM->CFG_B.AHBPSC= 0X00;
  87              		.loc 1 490 9 is_stmt 1 view .LVU22
  88              		.loc 1 490 26 is_stmt 0 view .LVU23
  89 0048 A3F58053 		sub	r3, r3, #4096
  90 004c 5A68     		ldr	r2, [r3, #4]
  91 004e 6FF30712 		bfc	r2, #4, #4
  92 0052 5A60     		str	r2, [r3, #4]
 491:Library/Device/Geehy/APM32F10x/Source/system_apm32f10x.c ****         /** PCLK2 = HCLK */
 492:Library/Device/Geehy/APM32F10x/Source/system_apm32f10x.c ****         RCM->CFG_B.APB2PSC= 0;
  93              		.loc 1 492 9 is_stmt 1 view .LVU24
  94              		.loc 1 492 27 is_stmt 0 view .LVU25
  95 0054 5A68     		ldr	r2, [r3, #4]
  96 0056 6FF3CD22 		bfc	r2, #11, #3
  97 005a 5A60     		str	r2, [r3, #4]
 493:Library/Device/Geehy/APM32F10x/Source/system_apm32f10x.c ****         /** PCLK1 = HCLK / 2 */
 494:Library/Device/Geehy/APM32F10x/Source/system_apm32f10x.c ****         RCM->CFG_B.APB1PSC = 4;
  98              		.loc 1 494 9 is_stmt 1 view .LVU26
  99              		.loc 1 494 28 is_stmt 0 view .LVU27
 100 005c 5A68     		ldr	r2, [r3, #4]
 101 005e 0421     		movs	r1, #4
 102 0060 61F30A22 		bfi	r2, r1, #8, #3
 103 0064 5A60     		str	r2, [r3, #4]
 495:Library/Device/Geehy/APM32F10x/Source/system_apm32f10x.c **** 
 496:Library/Device/Geehy/APM32F10x/Source/system_apm32f10x.c ****         /** PLL: HSE * 9 */
 497:Library/Device/Geehy/APM32F10x/Source/system_apm32f10x.c ****         RCM->CFG_B.PLLSRCSEL = 1;
 104              		.loc 1 497 9 is_stmt 1 view .LVU28
 105              		.loc 1 497 30 is_stmt 0 view .LVU29
 106 0066 5A68     		ldr	r2, [r3, #4]
 107 0068 42F48032 		orr	r2, r2, #65536
 108 006c 5A60     		str	r2, [r3, #4]
 498:Library/Device/Geehy/APM32F10x/Source/system_apm32f10x.c ****         RCM->CFG_B.PLLMULCFG = 7;
 109              		.loc 1 498 9 is_stmt 1 view .LVU30
 110              		.loc 1 498 30 is_stmt 0 view .LVU31
 111 006e 5A68     		ldr	r2, [r3, #4]
 112 0070 0721     		movs	r1, #7
 113 0072 61F39542 		bfi	r2, r1, #18, #4
 114 0076 5A60     		str	r2, [r3, #4]
 499:Library/Device/Geehy/APM32F10x/Source/system_apm32f10x.c **** 
 500:Library/Device/Geehy/APM32F10x/Source/system_apm32f10x.c ****         /** Enable PLL */
 501:Library/Device/Geehy/APM32F10x/Source/system_apm32f10x.c ****         RCM->CTRL_B.PLLEN = 1;
 115              		.loc 1 501 9 is_stmt 1 view .LVU32
 116              		.loc 1 501 27 is_stmt 0 view .LVU33
 117 0078 1A68     		ldr	r2, [r3]
 118 007a 42F08072 		orr	r2, r2, #16777216
 119 007e 1A60     		str	r2, [r3]
 502:Library/Device/Geehy/APM32F10x/Source/system_apm32f10x.c ****         /** Wait PLL Ready */
 503:Library/Device/Geehy/APM32F10x/Source/system_apm32f10x.c ****         while(RCM->CTRL_B.PLLRDYFLG == BIT_RESET);
 120              		.loc 1 503 9 is_stmt 1 view .LVU34
 121              	.L6:
 122              		.loc 1 503 50 discriminator 1 view .LVU35
 123              		.loc 1 503 14 discriminator 1 view .LVU36
 124              		.loc 1 503 26 is_stmt 0 discriminator 1 view .LVU37
 125 0080 094B     		ldr	r3, .L10
ARM GAS  C:\Users\geehy\AppData\Local\Temp\ccgTo2IN.s 			page 12


 126 0082 1B68     		ldr	r3, [r3]
 127              		.loc 1 503 14 discriminator 1 view .LVU38
 128 0084 13F0007F 		tst	r3, #33554432
 129 0088 FAD0     		beq	.L6
 504:Library/Device/Geehy/APM32F10x/Source/system_apm32f10x.c **** 
 505:Library/Device/Geehy/APM32F10x/Source/system_apm32f10x.c ****         /** Select PLL as system clock source */
 506:Library/Device/Geehy/APM32F10x/Source/system_apm32f10x.c ****         RCM->CFG_B.SCLKSEL = 2;
 130              		.loc 1 506 9 is_stmt 1 view .LVU39
 131              		.loc 1 506 28 is_stmt 0 view .LVU40
 132 008a 074B     		ldr	r3, .L10
 133 008c 5A68     		ldr	r2, [r3, #4]
 134 008e 0221     		movs	r1, #2
 135 0090 61F30102 		bfi	r2, r1, #0, #2
 136 0094 5A60     		str	r2, [r3, #4]
 507:Library/Device/Geehy/APM32F10x/Source/system_apm32f10x.c ****         /** Wait till PLL is used as system clock source */
 508:Library/Device/Geehy/APM32F10x/Source/system_apm32f10x.c ****         while(RCM->CFG_B.SCLKSELSTS!= 0x02);
 137              		.loc 1 508 9 is_stmt 1 view .LVU41
 138              	.L7:
 139              		.loc 1 508 44 discriminator 1 view .LVU42
 140              		.loc 1 508 14 discriminator 1 view .LVU43
 141              		.loc 1 508 25 is_stmt 0 discriminator 1 view .LVU44
 142 0096 044B     		ldr	r3, .L10
 143 0098 5B68     		ldr	r3, [r3, #4]
 144 009a C3F38103 		ubfx	r3, r3, #2, #2
 145              		.loc 1 508 14 discriminator 1 view .LVU45
 146 009e 022B     		cmp	r3, #2
 147 00a0 F9D1     		bne	.L7
 148              	.L1:
 509:Library/Device/Geehy/APM32F10x/Source/system_apm32f10x.c ****     }
 510:Library/Device/Geehy/APM32F10x/Source/system_apm32f10x.c **** 
 511:Library/Device/Geehy/APM32F10x/Source/system_apm32f10x.c **** }
 149              		.loc 1 511 1 view .LVU46
 150 00a2 02B0     		add	sp, sp, #8
 151              	.LCFI1:
 152              		.cfi_def_cfa_offset 0
 153              		@ sp needed
 154 00a4 7047     		bx	lr
 155              	.L11:
 156 00a6 00BF     		.align	2
 157              	.L10:
 158 00a8 00100240 		.word	1073876992
 159 00ac 00200240 		.word	1073881088
 160              		.cfi_endproc
 161              	.LFE68:
 163              		.section	.text.SystemClockConfig,"ax",%progbits
 164              		.align	1
 165              		.syntax unified
 166              		.thumb
 167              		.thumb_func
 169              	SystemClockConfig:
 170              	.LFB67:
 181:Library/Device/Geehy/APM32F10x/Source/system_apm32f10x.c **** #ifdef SYSTEM_CLOCK_HSE
 171              		.loc 1 181 1 is_stmt 1 view -0
 172              		.cfi_startproc
 173              		@ args = 0, pretend = 0, frame = 0
 174              		@ frame_needed = 0, uses_anonymous_args = 0
 175 0000 08B5     		push	{r3, lr}
ARM GAS  C:\Users\geehy\AppData\Local\Temp\ccgTo2IN.s 			page 13


 176              	.LCFI2:
 177              		.cfi_def_cfa_offset 8
 178              		.cfi_offset 3, -8
 179              		.cfi_offset 14, -4
 193:Library/Device/Geehy/APM32F10x/Source/system_apm32f10x.c **** #elif defined SYSTEM_CLOCK_96MHz
 180              		.loc 1 193 5 view .LVU48
 181 0002 FFF7FEFF 		bl	SystemClock72M
 182              	.LVL0:
 197:Library/Device/Geehy/APM32F10x/Source/system_apm32f10x.c **** 
 183              		.loc 1 197 1 is_stmt 0 view .LVU49
 184 0006 08BD     		pop	{r3, pc}
 185              		.cfi_endproc
 186              	.LFE67:
 188              		.section	.text.SystemInit,"ax",%progbits
 189              		.align	1
 190              		.global	SystemInit
 191              		.syntax unified
 192              		.thumb
 193              		.thumb_func
 195              	SystemInit:
 196              	.LFB65:
  89:Library/Device/Geehy/APM32F10x/Source/system_apm32f10x.c ****     /** Set HSIEN bit */
 197              		.loc 1 89 1 is_stmt 1 view -0
 198              		.cfi_startproc
 199              		@ args = 0, pretend = 0, frame = 0
 200              		@ frame_needed = 0, uses_anonymous_args = 0
 201 0000 08B5     		push	{r3, lr}
 202              	.LCFI3:
 203              		.cfi_def_cfa_offset 8
 204              		.cfi_offset 3, -8
 205              		.cfi_offset 14, -4
  91:Library/Device/Geehy/APM32F10x/Source/system_apm32f10x.c ****     /** Reset SCLKSEL, AHBPSC, APB1PSC, APB2PSC, ADCPSC and MCOSEL bits */
 206              		.loc 1 91 5 view .LVU51
  91:Library/Device/Geehy/APM32F10x/Source/system_apm32f10x.c ****     /** Reset SCLKSEL, AHBPSC, APB1PSC, APB2PSC, ADCPSC and MCOSEL bits */
 207              		.loc 1 91 23 is_stmt 0 view .LVU52
 208 0002 104B     		ldr	r3, .L16
 209 0004 1A68     		ldr	r2, [r3]
 210 0006 42F00102 		orr	r2, r2, #1
 211 000a 1A60     		str	r2, [r3]
  93:Library/Device/Geehy/APM32F10x/Source/system_apm32f10x.c ****     /** Reset HSEEN, CSSEN and PLLEN bits */
 212              		.loc 1 93 5 is_stmt 1 view .LVU53
  93:Library/Device/Geehy/APM32F10x/Source/system_apm32f10x.c ****     /** Reset HSEEN, CSSEN and PLLEN bits */
 213              		.loc 1 93 14 is_stmt 0 view .LVU54
 214 000c 5968     		ldr	r1, [r3, #4]
 215 000e 0E4A     		ldr	r2, .L16+4
 216 0010 0A40     		ands	r2, r2, r1
 217 0012 5A60     		str	r2, [r3, #4]
  95:Library/Device/Geehy/APM32F10x/Source/system_apm32f10x.c ****     /** Reset HSEBCFG bit */
 218              		.loc 1 95 5 is_stmt 1 view .LVU55
  95:Library/Device/Geehy/APM32F10x/Source/system_apm32f10x.c ****     /** Reset HSEBCFG bit */
 219              		.loc 1 95 15 is_stmt 0 view .LVU56
 220 0014 1A68     		ldr	r2, [r3]
 221 0016 22F08472 		bic	r2, r2, #17301504
 222 001a 22F48032 		bic	r2, r2, #65536
 223 001e 1A60     		str	r2, [r3]
  97:Library/Device/Geehy/APM32F10x/Source/system_apm32f10x.c ****     /** Reset PLLSRCSEL, PLLHSEPSC, PLLMULCFG and USBDIV bits */
 224              		.loc 1 97 5 is_stmt 1 view .LVU57
ARM GAS  C:\Users\geehy\AppData\Local\Temp\ccgTo2IN.s 			page 14


  97:Library/Device/Geehy/APM32F10x/Source/system_apm32f10x.c ****     /** Reset PLLSRCSEL, PLLHSEPSC, PLLMULCFG and USBDIV bits */
 225              		.loc 1 97 25 is_stmt 0 view .LVU58
 226 0020 1A68     		ldr	r2, [r3]
 227 0022 6FF39242 		bfc	r2, #18, #1
 228 0026 1A60     		str	r2, [r3]
  99:Library/Device/Geehy/APM32F10x/Source/system_apm32f10x.c ****     /** Disable all interrupts and clear pending bits */
 229              		.loc 1 99 5 is_stmt 1 view .LVU59
  99:Library/Device/Geehy/APM32F10x/Source/system_apm32f10x.c ****     /** Disable all interrupts and clear pending bits */
 230              		.loc 1 99 14 is_stmt 0 view .LVU60
 231 0028 5A68     		ldr	r2, [r3, #4]
 232 002a 22F4FE02 		bic	r2, r2, #8323072
 233 002e 5A60     		str	r2, [r3, #4]
 101:Library/Device/Geehy/APM32F10x/Source/system_apm32f10x.c **** 
 234              		.loc 1 101 5 is_stmt 1 view .LVU61
 101:Library/Device/Geehy/APM32F10x/Source/system_apm32f10x.c **** 
 235              		.loc 1 101 14 is_stmt 0 view .LVU62
 236 0030 4FF41F02 		mov	r2, #10420224
 237 0034 9A60     		str	r2, [r3, #8]
 103:Library/Device/Geehy/APM32F10x/Source/system_apm32f10x.c **** 
 238              		.loc 1 103 5 is_stmt 1 view .LVU63
 239 0036 FFF7FEFF 		bl	SystemClockConfig
 240              	.LVL1:
 108:Library/Device/Geehy/APM32F10x/Source/system_apm32f10x.c **** #endif
 241              		.loc 1 108 5 view .LVU64
 108:Library/Device/Geehy/APM32F10x/Source/system_apm32f10x.c **** #endif
 242              		.loc 1 108 15 is_stmt 0 view .LVU65
 243 003a 044B     		ldr	r3, .L16+8
 244 003c 4FF00062 		mov	r2, #134217728
 245 0040 9A60     		str	r2, [r3, #8]
 110:Library/Device/Geehy/APM32F10x/Source/system_apm32f10x.c **** 
 246              		.loc 1 110 1 view .LVU66
 247 0042 08BD     		pop	{r3, pc}
 248              	.L17:
 249              		.align	2
 250              	.L16:
 251 0044 00100240 		.word	1073876992
 252 0048 0000FFF8 		.word	-117506048
 253 004c 00ED00E0 		.word	-536810240
 254              		.cfi_endproc
 255              	.LFE65:
 257              		.section	.text.SystemCoreClockUpdate,"ax",%progbits
 258              		.align	1
 259              		.global	SystemCoreClockUpdate
 260              		.syntax unified
 261              		.thumb
 262              		.thumb_func
 264              	SystemCoreClockUpdate:
 265              	.LFB66:
 122:Library/Device/Geehy/APM32F10x/Source/system_apm32f10x.c ****     uint32_t sysClock, pllMull, pllSource, Prescaler;
 266              		.loc 1 122 1 is_stmt 1 view -0
 267              		.cfi_startproc
 268              		@ args = 0, pretend = 0, frame = 16
 269              		@ frame_needed = 0, uses_anonymous_args = 0
 270              		@ link register save eliminated.
 271 0000 84B0     		sub	sp, sp, #16
 272              	.LCFI4:
 273              		.cfi_def_cfa_offset 16
ARM GAS  C:\Users\geehy\AppData\Local\Temp\ccgTo2IN.s 			page 15


 123:Library/Device/Geehy/APM32F10x/Source/system_apm32f10x.c ****     uint8_t AHBPrescTable[16] = {0, 0, 0, 0, 0, 0, 0, 0, 1, 2, 3, 4, 6, 7, 8, 9};
 274              		.loc 1 123 5 view .LVU68
 124:Library/Device/Geehy/APM32F10x/Source/system_apm32f10x.c **** 
 275              		.loc 1 124 5 view .LVU69
 124:Library/Device/Geehy/APM32F10x/Source/system_apm32f10x.c **** 
 276              		.loc 1 124 13 is_stmt 0 view .LVU70
 277 0002 244B     		ldr	r3, .L27
 278 0004 0FCB     		ldm	r3, {r0, r1, r2, r3}
 279 0006 0DF1100C 		add	ip, sp, #16
 280 000a 0CE90F00 		stmdb	ip, {r0, r1, r2, r3}
 126:Library/Device/Geehy/APM32F10x/Source/system_apm32f10x.c **** 
 281              		.loc 1 126 5 is_stmt 1 view .LVU71
 126:Library/Device/Geehy/APM32F10x/Source/system_apm32f10x.c **** 
 282              		.loc 1 126 26 is_stmt 0 view .LVU72
 283 000e 224B     		ldr	r3, .L27+4
 284 0010 5B68     		ldr	r3, [r3, #4]
 285 0012 C3F38103 		ubfx	r3, r3, #2, #2
 286              	.LVL2:
 128:Library/Device/Geehy/APM32F10x/Source/system_apm32f10x.c ****     {
 287              		.loc 1 128 5 is_stmt 1 view .LVU73
 288 0016 012B     		cmp	r3, #1
 289 0018 17D0     		beq	.L19
 290 001a 022B     		cmp	r3, #2
 291 001c 19D0     		beq	.L20
 292 001e 1BB1     		cbz	r3, .L25
 164:Library/Device/Geehy/APM32F10x/Source/system_apm32f10x.c ****         break;
 293              		.loc 1 164 13 view .LVU74
 164:Library/Device/Geehy/APM32F10x/Source/system_apm32f10x.c ****         break;
 294              		.loc 1 164 30 is_stmt 0 view .LVU75
 295 0020 1E4B     		ldr	r3, .L27+8
 296 0022 1F4A     		ldr	r2, .L27+12
 297 0024 1A60     		str	r2, [r3]
 165:Library/Device/Geehy/APM32F10x/Source/system_apm32f10x.c ****     }
 298              		.loc 1 165 9 is_stmt 1 view .LVU76
 299 0026 02E0     		b	.L22
 300              	.L25:
 132:Library/Device/Geehy/APM32F10x/Source/system_apm32f10x.c ****         break;
 301              		.loc 1 132 13 view .LVU77
 132:Library/Device/Geehy/APM32F10x/Source/system_apm32f10x.c ****         break;
 302              		.loc 1 132 29 is_stmt 0 view .LVU78
 303 0028 1C4B     		ldr	r3, .L27+8
 304 002a 1D4A     		ldr	r2, .L27+12
 305 002c 1A60     		str	r2, [r3]
 133:Library/Device/Geehy/APM32F10x/Source/system_apm32f10x.c **** 
 306              		.loc 1 133 9 is_stmt 1 view .LVU79
 307              	.L22:
 168:Library/Device/Geehy/APM32F10x/Source/system_apm32f10x.c ****     SystemCoreClock >>= Prescaler;
 308              		.loc 1 168 5 view .LVU80
 168:Library/Device/Geehy/APM32F10x/Source/system_apm32f10x.c ****     SystemCoreClock >>= Prescaler;
 309              		.loc 1 168 41 is_stmt 0 view .LVU81
 310 002e 1A4B     		ldr	r3, .L27+4
 311 0030 5B68     		ldr	r3, [r3, #4]
 312 0032 C3F30313 		ubfx	r3, r3, #4, #4
 168:Library/Device/Geehy/APM32F10x/Source/system_apm32f10x.c ****     SystemCoreClock >>= Prescaler;
 313              		.loc 1 168 30 view .LVU82
 314 0036 1033     		adds	r3, r3, #16
 315 0038 6B44     		add	r3, sp, r3
ARM GAS  C:\Users\geehy\AppData\Local\Temp\ccgTo2IN.s 			page 16


 316 003a 13F8101C 		ldrb	r1, [r3, #-16]	@ zero_extendqisi2
 317              	.LVL3:
 169:Library/Device/Geehy/APM32F10x/Source/system_apm32f10x.c **** }
 318              		.loc 1 169 5 is_stmt 1 view .LVU83
 169:Library/Device/Geehy/APM32F10x/Source/system_apm32f10x.c **** }
 319              		.loc 1 169 21 is_stmt 0 view .LVU84
 320 003e 174A     		ldr	r2, .L27+8
 321 0040 1368     		ldr	r3, [r2]
 322 0042 CB40     		lsrs	r3, r3, r1
 323 0044 1360     		str	r3, [r2]
 170:Library/Device/Geehy/APM32F10x/Source/system_apm32f10x.c **** 
 324              		.loc 1 170 1 view .LVU85
 325 0046 04B0     		add	sp, sp, #16
 326              	.LCFI5:
 327              		.cfi_remember_state
 328              		.cfi_def_cfa_offset 0
 329              		@ sp needed
 330 0048 7047     		bx	lr
 331              	.LVL4:
 332              	.L19:
 333              	.LCFI6:
 334              		.cfi_restore_state
 137:Library/Device/Geehy/APM32F10x/Source/system_apm32f10x.c ****         break;
 335              		.loc 1 137 13 is_stmt 1 view .LVU86
 137:Library/Device/Geehy/APM32F10x/Source/system_apm32f10x.c ****         break;
 336              		.loc 1 137 29 is_stmt 0 view .LVU87
 337 004a 144B     		ldr	r3, .L27+8
 338 004c 144A     		ldr	r2, .L27+12
 339 004e 1A60     		str	r2, [r3]
 138:Library/Device/Geehy/APM32F10x/Source/system_apm32f10x.c **** 
 340              		.loc 1 138 9 is_stmt 1 view .LVU88
 341 0050 EDE7     		b	.L22
 342              	.L20:
 142:Library/Device/Geehy/APM32F10x/Source/system_apm32f10x.c ****             pllSource = RCM->CFG_B.PLLSRCSEL;
 343              		.loc 1 142 13 view .LVU89
 142:Library/Device/Geehy/APM32F10x/Source/system_apm32f10x.c ****             pllSource = RCM->CFG_B.PLLSRCSEL;
 344              		.loc 1 142 33 is_stmt 0 view .LVU90
 345 0052 114A     		ldr	r2, .L27+4
 346 0054 5368     		ldr	r3, [r2, #4]
 347 0056 C3F38343 		ubfx	r3, r3, #18, #4
 142:Library/Device/Geehy/APM32F10x/Source/system_apm32f10x.c ****             pllSource = RCM->CFG_B.PLLSRCSEL;
 348              		.loc 1 142 44 view .LVU91
 349 005a 0233     		adds	r3, r3, #2
 350              	.LVL5:
 143:Library/Device/Geehy/APM32F10x/Source/system_apm32f10x.c **** 
 351              		.loc 1 143 13 is_stmt 1 view .LVU92
 143:Library/Device/Geehy/APM32F10x/Source/system_apm32f10x.c **** 
 352              		.loc 1 143 35 is_stmt 0 view .LVU93
 353 005c 5268     		ldr	r2, [r2, #4]
 354 005e C2F30041 		ubfx	r1, r2, #16, #1
 355              	.LVL6:
 146:Library/Device/Geehy/APM32F10x/Source/system_apm32f10x.c ****             {
 356              		.loc 1 146 13 is_stmt 1 view .LVU94
 146:Library/Device/Geehy/APM32F10x/Source/system_apm32f10x.c ****             {
 357              		.loc 1 146 15 is_stmt 0 view .LVU95
 358 0062 12F4803F 		tst	r2, #65536
 359 0066 05D1     		bne	.L26
ARM GAS  C:\Users\geehy\AppData\Local\Temp\ccgTo2IN.s 			page 17


 159:Library/Device/Geehy/APM32F10x/Source/system_apm32f10x.c ****             }
 360              		.loc 1 159 17 is_stmt 1 view .LVU96
 159:Library/Device/Geehy/APM32F10x/Source/system_apm32f10x.c ****             }
 361              		.loc 1 159 52 is_stmt 0 view .LVU97
 362 0068 0E4A     		ldr	r2, .L27+16
 363 006a 02FB03F3 		mul	r3, r2, r3
 364              	.LVL7:
 159:Library/Device/Geehy/APM32F10x/Source/system_apm32f10x.c ****             }
 365              		.loc 1 159 33 view .LVU98
 366 006e 0B4A     		ldr	r2, .L27+8
 367 0070 1360     		str	r3, [r2]
 368 0072 DCE7     		b	.L22
 369              	.LVL8:
 370              	.L26:
 148:Library/Device/Geehy/APM32F10x/Source/system_apm32f10x.c **** 
 371              		.loc 1 148 17 is_stmt 1 view .LVU99
 148:Library/Device/Geehy/APM32F10x/Source/system_apm32f10x.c **** 
 372              		.loc 1 148 45 is_stmt 0 view .LVU100
 373 0074 0A4A     		ldr	r2, .L27+12
 374 0076 02FB03F3 		mul	r3, r2, r3
 375              	.LVL9:
 148:Library/Device/Geehy/APM32F10x/Source/system_apm32f10x.c **** 
 376              		.loc 1 148 33 view .LVU101
 377 007a 084A     		ldr	r2, .L27+8
 378 007c 1360     		str	r3, [r2]
 151:Library/Device/Geehy/APM32F10x/Source/system_apm32f10x.c ****                 {
 379              		.loc 1 151 17 is_stmt 1 view .LVU102
 151:Library/Device/Geehy/APM32F10x/Source/system_apm32f10x.c ****                 {
 380              		.loc 1 151 43 is_stmt 0 view .LVU103
 381 007e 064A     		ldr	r2, .L27+4
 382 0080 5268     		ldr	r2, [r2, #4]
 383 0082 C2F34042 		ubfx	r2, r2, #17, #1
 151:Library/Device/Geehy/APM32F10x/Source/system_apm32f10x.c ****                 {
 384              		.loc 1 151 19 view .LVU104
 385 0086 9142     		cmp	r1, r2
 386 0088 D1D1     		bne	.L22
 153:Library/Device/Geehy/APM32F10x/Source/system_apm32f10x.c ****                 }
 387              		.loc 1 153 21 is_stmt 1 view .LVU105
 153:Library/Device/Geehy/APM32F10x/Source/system_apm32f10x.c ****                 }
 388              		.loc 1 153 37 is_stmt 0 view .LVU106
 389 008a 5B08     		lsrs	r3, r3, #1
 390 008c 034A     		ldr	r2, .L27+8
 391 008e 1360     		str	r3, [r2]
 392 0090 CDE7     		b	.L22
 393              	.L28:
 394 0092 00BF     		.align	2
 395              	.L27:
 396 0094 00000000 		.word	.LANCHOR0
 397 0098 00100240 		.word	1073876992
 398 009c 00000000 		.word	.LANCHOR1
 399 00a0 00127A00 		.word	8000000
 400 00a4 00093D00 		.word	4000000
 401              		.cfi_endproc
 402              	.LFE66:
 404              		.global	SystemCoreClock
 405              		.section	.rodata
 406              		.align	2
ARM GAS  C:\Users\geehy\AppData\Local\Temp\ccgTo2IN.s 			page 18


 407              		.set	.LANCHOR0,. + 0
 408              	.LC0:
 409 0000 00000000 		.ascii	"\000\000\000\000\000\000\000\000\001\002\003\004\006"
 409      00000000 
 409      01020304 
 409      06
 410 000d 070809   		.ascii	"\007\010\011"
 411              		.section	.data.SystemCoreClock,"aw"
 412              		.align	2
 413              		.set	.LANCHOR1,. + 0
 416              	SystemCoreClock:
 417 0000 00A24A04 		.word	72000000
 418              		.text
 419              	.Letext0:
 420              		.file 2 "d:\\program files (x86)\\gnu arm embedded toolchain\\10 2021.10\\arm-none-eabi\\include\\
 421              		.file 3 "d:\\program files (x86)\\gnu arm embedded toolchain\\10 2021.10\\arm-none-eabi\\include\\
 422              		.file 4 "Library/CMSIS/Include/core_cm3.h"
 423              		.file 5 "Library/Device/Geehy/APM32F10x/Include/apm32f10x.h"
 424              		.file 6 "Library/Device/Geehy/APM32F10x/Include/system_apm32f10x.h"
ARM GAS  C:\Users\geehy\AppData\Local\Temp\ccgTo2IN.s 			page 19


DEFINED SYMBOLS
                            *ABS*:00000000 system_apm32f10x.c
C:\Users\geehy\AppData\Local\Temp\ccgTo2IN.s:18     .text.SystemClock72M:00000000 $t
C:\Users\geehy\AppData\Local\Temp\ccgTo2IN.s:23     .text.SystemClock72M:00000000 SystemClock72M
C:\Users\geehy\AppData\Local\Temp\ccgTo2IN.s:158    .text.SystemClock72M:000000a8 $d
C:\Users\geehy\AppData\Local\Temp\ccgTo2IN.s:164    .text.SystemClockConfig:00000000 $t
C:\Users\geehy\AppData\Local\Temp\ccgTo2IN.s:169    .text.SystemClockConfig:00000000 SystemClockConfig
C:\Users\geehy\AppData\Local\Temp\ccgTo2IN.s:189    .text.SystemInit:00000000 $t
C:\Users\geehy\AppData\Local\Temp\ccgTo2IN.s:195    .text.SystemInit:00000000 SystemInit
C:\Users\geehy\AppData\Local\Temp\ccgTo2IN.s:251    .text.SystemInit:00000044 $d
C:\Users\geehy\AppData\Local\Temp\ccgTo2IN.s:258    .text.SystemCoreClockUpdate:00000000 $t
C:\Users\geehy\AppData\Local\Temp\ccgTo2IN.s:264    .text.SystemCoreClockUpdate:00000000 SystemCoreClockUpdate
C:\Users\geehy\AppData\Local\Temp\ccgTo2IN.s:396    .text.SystemCoreClockUpdate:00000094 $d
C:\Users\geehy\AppData\Local\Temp\ccgTo2IN.s:416    .data.SystemCoreClock:00000000 SystemCoreClock
C:\Users\geehy\AppData\Local\Temp\ccgTo2IN.s:406    .rodata:00000000 $d
C:\Users\geehy\AppData\Local\Temp\ccgTo2IN.s:412    .data.SystemCoreClock:00000000 $d

NO UNDEFINED SYMBOLS
